{"E:/Web Project/experimental-workspace/apex-auditor-workspace/signaler/src/multi-audit-ai-optimizer.ts": {"path":"E:/Web Project/experimental-workspace/apex-auditor-workspace/signaler/src/multi-audit-ai-optimizer.ts","statementMap":{"0":{"start":{"line":41,"column":40},"end":{"line":41,"column":null}},"1":{"start":{"line":42,"column":34},"end":{"line":42,"column":null}},"2":{"start":{"line":43,"column":64},"end":{"line":48,"column":null}},"3":{"start":{"line":51,"column":25},"end":{"line":51,"column":null}},"4":{"start":{"line":52,"column":28},"end":{"line":52,"column":null}},"5":{"start":{"line":53,"column":2},"end":{"line":57,"column":null}},"6":{"start":{"line":54,"column":4},"end":{"line":56,"column":null}},"7":{"start":{"line":55,"column":6},"end":{"line":55,"column":null}},"8":{"start":{"line":58,"column":2},"end":{"line":58,"column":null}},"9":{"start":{"line":62,"column":21},"end":{"line":62,"column":null}},"10":{"start":{"line":63,"column":48},"end":{"line":68,"column":null}},"11":{"start":{"line":69,"column":2},"end":{"line":71,"column":null}},"12":{"start":{"line":70,"column":4},"end":{"line":70,"column":null}},"13":{"start":{"line":72,"column":2},"end":{"line":72,"column":null}},"14":{"start":{"line":76,"column":32},"end":{"line":76,"column":null}},"15":{"start":{"line":77,"column":2},"end":{"line":79,"column":null}},"16":{"start":{"line":78,"column":4},"end":{"line":78,"column":null}},"17":{"start":{"line":80,"column":2},"end":{"line":82,"column":null}},"18":{"start":{"line":81,"column":4},"end":{"line":81,"column":null}},"19":{"start":{"line":83,"column":2},"end":{"line":83,"column":null}},"20":{"start":{"line":92,"column":23},"end":{"line":92,"column":null}},"21":{"start":{"line":93,"column":52},"end":{"line":95,"column":null}},"22":{"start":{"line":93,"column":89},"end":{"line":93,"column":95}},"23":{"start":{"line":94,"column":38},"end":{"line":94,"column":null}},"24":{"start":{"line":96,"column":62},"end":{"line":129,"column":null}},"25":{"start":{"line":97,"column":43},"end":{"line":97,"column":null}},"26":{"start":{"line":97,"column":71},"end":{"line":97,"column":86}},"27":{"start":{"line":98,"column":67},"end":{"line":98,"column":null}},"28":{"start":{"line":99,"column":6},"end":{"line":119,"column":null}},"29":{"start":{"line":100,"column":63},"end":{"line":100,"column":null}},"30":{"start":{"line":101,"column":8},"end":{"line":118,"column":null}},"31":{"start":{"line":102,"column":10},"end":{"line":108,"column":null}},"32":{"start":{"line":110,"column":42},"end":{"line":110,"column":null}},"33":{"start":{"line":111,"column":33},"end":{"line":111,"column":null}},"34":{"start":{"line":112,"column":10},"end":{"line":117,"column":null}},"35":{"start":{"line":120,"column":61},"end":{"line":120,"column":null}},"36":{"start":{"line":121,"column":6},"end":{"line":128,"column":null}},"37":{"start":{"line":130,"column":62},"end":{"line":130,"column":null}},"38":{"start":{"line":131,"column":4},"end":{"line":134,"column":null}},"39":{"start":{"line":132,"column":53},"end":{"line":132,"column":null}},"40":{"start":{"line":133,"column":6},"end":{"line":133,"column":null}},"41":{"start":{"line":135,"column":73},"end":{"line":162,"column":null}},"42":{"start":{"line":137,"column":44},"end":{"line":137,"column":null}},"43":{"start":{"line":137,"column":82},"end":{"line":137,"column":88}},"44":{"start":{"line":138,"column":8},"end":{"line":140,"column":null}},"45":{"start":{"line":139,"column":10},"end":{"line":139,"column":null}},"46":{"start":{"line":141,"column":40},"end":{"line":141,"column":null}},"47":{"start":{"line":141,"column":92},"end":{"line":141,"column":102}},"48":{"start":{"line":142,"column":31},"end":{"line":142,"column":null}},"49":{"start":{"line":142,"column":69},"end":{"line":142,"column":77}},"50":{"start":{"line":143,"column":8},"end":{"line":149,"column":null}},"51":{"start":{"line":146,"column":65},"end":{"line":146,"column":83}},"52":{"start":{"line":151,"column":100},"end":{"line":151,"column":124}},"53":{"start":{"line":153,"column":38},"end":{"line":153,"column":null}},"54":{"start":{"line":154,"column":8},"end":{"line":156,"column":null}},"55":{"start":{"line":155,"column":10},"end":{"line":155,"column":null}},"56":{"start":{"line":157,"column":8},"end":{"line":159,"column":null}},"57":{"start":{"line":158,"column":10},"end":{"line":158,"column":null}},"58":{"start":{"line":160,"column":8},"end":{"line":160,"column":null}},"59":{"start":{"line":163,"column":4},"end":{"line":174,"column":null}},"60":{"start":{"line":178,"column":47},"end":{"line":178,"column":null}},"61":{"start":{"line":179,"column":4},"end":{"line":179,"column":null}}},"fnMap":{"0":{"name":"maxSeverity","decl":{"start":{"line":50,"column":9},"end":{"line":50,"column":21}},"loc":{"start":{"line":50,"column":95},"end":{"line":59,"column":null}}},"1":{"name":"buildSeverityCounts","decl":{"start":{"line":61,"column":9},"end":{"line":61,"column":29}},"loc":{"start":{"line":61,"column":117},"end":{"line":73,"column":null}}},"2":{"name":"sortByPriority","decl":{"start":{"line":75,"column":9},"end":{"line":75,"column":24}},"loc":{"start":{"line":75,"column":90},"end":{"line":84,"column":null}}},"3":{"name":"(anonymous_3)","decl":{"start":{"line":91,"column":9},"end":{"line":91,"column":21}},"loc":{"start":{"line":91,"column":96},"end":{"line":175,"column":null}}},"4":{"name":"(anonymous_4)","decl":{"start":{"line":93,"column":75},"end":{"line":93,"column":76}},"loc":{"start":{"line":93,"column":89},"end":{"line":93,"column":95}}},"5":{"name":"(anonymous_5)","decl":{"start":{"line":94,"column":6},"end":{"line":94,"column":7}},"loc":{"start":{"line":94,"column":38},"end":{"line":94,"column":null}}},"6":{"name":"(anonymous_6)","decl":{"start":{"line":96,"column":84},"end":{"line":96,"column":85}},"loc":{"start":{"line":96,"column":105},"end":{"line":129,"column":5}}},"7":{"name":"(anonymous_7)","decl":{"start":{"line":97,"column":57},"end":{"line":97,"column":58}},"loc":{"start":{"line":97,"column":71},"end":{"line":97,"column":86}}},"8":{"name":"(anonymous_8)","decl":{"start":{"line":136,"column":11},"end":{"line":136,"column":12}},"loc":{"start":{"line":136,"column":101},"end":{"line":150,"column":7}}},"9":{"name":"(anonymous_9)","decl":{"start":{"line":137,"column":68},"end":{"line":137,"column":69}},"loc":{"start":{"line":137,"column":82},"end":{"line":137,"column":88}}},"10":{"name":"(anonymous_10)","decl":{"start":{"line":141,"column":78},"end":{"line":141,"column":79}},"loc":{"start":{"line":141,"column":92},"end":{"line":141,"column":102}}},"11":{"name":"(anonymous_11)","decl":{"start":{"line":142,"column":55},"end":{"line":142,"column":56}},"loc":{"start":{"line":142,"column":69},"end":{"line":142,"column":77}}},"12":{"name":"(anonymous_12)","decl":{"start":{"line":146,"column":33},"end":{"line":146,"column":34}},"loc":{"start":{"line":146,"column":65},"end":{"line":146,"column":83}}},"13":{"name":"(anonymous_13)","decl":{"start":{"line":151,"column":14},"end":{"line":151,"column":15}},"loc":{"start":{"line":151,"column":100},"end":{"line":151,"column":124}}},"14":{"name":"(anonymous_14)","decl":{"start":{"line":152,"column":12},"end":{"line":152,"column":13}},"loc":{"start":{"line":152,"column":84},"end":{"line":161,"column":7}}},"15":{"name":"(anonymous_15)","decl":{"start":{"line":177,"column":9},"end":{"line":177,"column":25}},"loc":{"start":{"line":177,"column":80},"end":{"line":180,"column":null}}}},"branchMap":{"0":{"loc":{"start":{"line":54,"column":4},"end":{"line":56,"column":null}},"type":"if","locations":[{"start":{"line":54,"column":4},"end":{"line":56,"column":null}},{"start":{},"end":{}}]},"1":{"loc":{"start":{"line":77,"column":2},"end":{"line":79,"column":null}},"type":"if","locations":[{"start":{"line":77,"column":2},"end":{"line":79,"column":null}},{"start":{},"end":{}}]},"2":{"loc":{"start":{"line":80,"column":2},"end":{"line":82,"column":null}},"type":"if","locations":[{"start":{"line":80,"column":2},"end":{"line":82,"column":null}},{"start":{},"end":{}}]},"3":{"loc":{"start":{"line":101,"column":8},"end":{"line":118,"column":null}},"type":"if","locations":[{"start":{"line":101,"column":8},"end":{"line":118,"column":null}},{"start":{"line":109,"column":15},"end":{"line":118,"column":null}}]},"4":{"loc":{"start":{"line":133,"column":39},"end":{"line":133,"column":103}},"type":"cond-expr","locations":[{"start":{"line":133,"column":73},"end":{"line":133,"column":83}},{"start":{"line":133,"column":83},"end":{"line":133,"column":103}}]},"5":{"loc":{"start":{"line":138,"column":8},"end":{"line":140,"column":null}},"type":"if","locations":[{"start":{"line":138,"column":8},"end":{"line":140,"column":null}},{"start":{},"end":{}}]},"6":{"loc":{"start":{"line":154,"column":8},"end":{"line":156,"column":null}},"type":"if","locations":[{"start":{"line":154,"column":8},"end":{"line":156,"column":null}},{"start":{},"end":{}}]},"7":{"loc":{"start":{"line":157,"column":8},"end":{"line":159,"column":null}},"type":"if","locations":[{"start":{"line":157,"column":8},"end":{"line":159,"column":null}},{"start":{},"end":{}}]}},"s":{"0":2,"1":2,"2":2,"3":11418,"4":11418,"5":11418,"6":22836,"7":8911,"8":11418,"9":379,"10":379,"11":379,"12":12535,"13":379,"14":1019,"15":1019,"16":342,"17":677,"18":676,"19":1,"20":150,"21":150,"22":12535,"23":400,"24":150,"25":379,"26":14315,"27":379,"28":379,"29":12535,"30":12535,"31":1117,"32":11418,"33":11418,"34":11418,"35":379,"36":379,"37":150,"38":150,"39":12535,"40":12535,"41":150,"42":1117,"43":12535,"44":1117,"45":1117,"46":0,"47":0,"48":0,"49":0,"50":0,"51":0,"52":1117,"53":0,"54":0,"55":0,"56":0,"57":0,"58":0,"59":150,"60":50,"61":50},"f":{"0":11418,"1":379,"2":1019,"3":150,"4":12535,"5":400,"6":379,"7":14315,"8":1117,"9":12535,"10":0,"11":0,"12":0,"13":1117,"14":0,"15":50},"b":{"0":[8911,13925],"1":[342,677],"2":[676,1],"3":[1117,11418],"4":[1117,11418],"5":[1117,0],"6":[0,0],"7":[0,0]}}
,"E:/Web Project/experimental-workspace/apex-auditor-workspace/signaler/src/performance-budget.ts": {"path":"E:/Web Project/experimental-workspace/apex-auditor-workspace/signaler/src/performance-budget.ts","statementMap":{"0":{"start":{"line":34,"column":31},"end":{"line":34,"column":64}},"1":{"start":{"line":40,"column":28},"end":{"line":40,"column":null}},"2":{"start":{"line":41,"column":42},"end":{"line":41,"column":null}},"3":{"start":{"line":43,"column":4},"end":{"line":50,"column":null}},"4":{"start":{"line":44,"column":6},"end":{"line":46,"column":null}},"5":{"start":{"line":45,"column":8},"end":{"line":45,"column":null}},"6":{"start":{"line":47,"column":6},"end":{"line":49,"column":null}},"7":{"start":{"line":48,"column":8},"end":{"line":48,"column":null}},"8":{"start":{"line":52,"column":31},"end":{"line":52,"column":null}},"9":{"start":{"line":52,"column":54},"end":{"line":52,"column":79}},"10":{"start":{"line":53,"column":30},"end":{"line":53,"column":null}},"11":{"start":{"line":53,"column":53},"end":{"line":53,"column":77}},"12":{"start":{"line":54,"column":24},"end":{"line":54,"column":null}},"13":{"start":{"line":54,"column":52},"end":{"line":54,"column":75}},"14":{"start":{"line":56,"column":19},"end":{"line":56,"column":null}},"15":{"start":{"line":58,"column":4},"end":{"line":67,"column":null}},"16":{"start":{"line":74,"column":4},"end":{"line":76,"column":null}},"17":{"start":{"line":75,"column":6},"end":{"line":75,"column":null}},"18":{"start":{"line":78,"column":4},"end":{"line":80,"column":null}},"19":{"start":{"line":79,"column":6},"end":{"line":79,"column":null}},"20":{"start":{"line":82,"column":4},"end":{"line":82,"column":null}},"21":{"start":{"line":89,"column":4},"end":{"line":93,"column":null}},"22":{"start":{"line":97,"column":19},"end":{"line":97,"column":null}},"23":{"start":{"line":100,"column":4},"end":{"line":106,"column":null}},"24":{"start":{"line":101,"column":6},"end":{"line":105,"column":null}},"25":{"start":{"line":102,"column":8},"end":{"line":104,"column":null}},"26":{"start":{"line":103,"column":10},"end":{"line":103,"column":null}},"27":{"start":{"line":109,"column":4},"end":{"line":115,"column":null}},"28":{"start":{"line":110,"column":6},"end":{"line":114,"column":null}},"29":{"start":{"line":111,"column":8},"end":{"line":113,"column":null}},"30":{"start":{"line":112,"column":10},"end":{"line":112,"column":null}},"31":{"start":{"line":117,"column":4},"end":{"line":117,"column":null}},"32":{"start":{"line":124,"column":42},"end":{"line":124,"column":null}},"33":{"start":{"line":125,"column":19},"end":{"line":125,"column":null}},"34":{"start":{"line":127,"column":4},"end":{"line":127,"column":null}},"35":{"start":{"line":128,"column":4},"end":{"line":128,"column":null}},"36":{"start":{"line":129,"column":4},"end":{"line":129,"column":null}},"37":{"start":{"line":130,"column":4},"end":{"line":130,"column":null}},"38":{"start":{"line":132,"column":4},"end":{"line":132,"column":null}},"39":{"start":{"line":142,"column":4},"end":{"line":144,"column":null}},"40":{"start":{"line":143,"column":6},"end":{"line":143,"column":null}},"41":{"start":{"line":146,"column":4},"end":{"line":157,"column":null}},"42":{"start":{"line":147,"column":6},"end":{"line":156,"column":null}},"43":{"start":{"line":164,"column":42},"end":{"line":164,"column":null}},"44":{"start":{"line":165,"column":26},"end":{"line":165,"column":null}},"45":{"start":{"line":167,"column":4},"end":{"line":167,"column":null}},"46":{"start":{"line":168,"column":4},"end":{"line":168,"column":null}},"47":{"start":{"line":169,"column":4},"end":{"line":169,"column":null}},"48":{"start":{"line":170,"column":4},"end":{"line":170,"column":null}},"49":{"start":{"line":171,"column":4},"end":{"line":171,"column":null}},"50":{"start":{"line":173,"column":4},"end":{"line":173,"column":null}},"51":{"start":{"line":183,"column":4},"end":{"line":185,"column":null}},"52":{"start":{"line":184,"column":6},"end":{"line":184,"column":null}},"53":{"start":{"line":187,"column":4},"end":{"line":198,"column":null}},"54":{"start":{"line":188,"column":6},"end":{"line":197,"column":null}},"55":{"start":{"line":202,"column":23},"end":{"line":202,"column":null}},"56":{"start":{"line":205,"column":4},"end":{"line":207,"column":null}},"57":{"start":{"line":206,"column":6},"end":{"line":206,"column":null}},"58":{"start":{"line":210,"column":4},"end":{"line":212,"column":null}},"59":{"start":{"line":211,"column":6},"end":{"line":211,"column":null}},"60":{"start":{"line":214,"column":4},"end":{"line":214,"column":null}},"61":{"start":{"line":218,"column":18},"end":{"line":218,"column":null}},"62":{"start":{"line":221,"column":4},"end":{"line":221,"column":null}},"63":{"start":{"line":221,"column":41},"end":{"line":221,"column":null}},"64":{"start":{"line":222,"column":4},"end":{"line":222,"column":null}},"65":{"start":{"line":222,"column":41},"end":{"line":222,"column":null}},"66":{"start":{"line":223,"column":4},"end":{"line":223,"column":null}},"67":{"start":{"line":223,"column":40},"end":{"line":223,"column":null}},"68":{"start":{"line":224,"column":4},"end":{"line":224,"column":null}},"69":{"start":{"line":224,"column":39},"end":{"line":224,"column":null}},"70":{"start":{"line":225,"column":4},"end":{"line":225,"column":null}},"71":{"start":{"line":225,"column":40},"end":{"line":225,"column":null}},"72":{"start":{"line":228,"column":4},"end":{"line":230,"column":null}},"73":{"start":{"line":229,"column":6},"end":{"line":229,"column":null}},"74":{"start":{"line":232,"column":4},"end":{"line":232,"column":null}},"75":{"start":{"line":236,"column":29},"end":{"line":236,"column":null}},"76":{"start":{"line":237,"column":24},"end":{"line":237,"column":null}},"77":{"start":{"line":237,"column":52},"end":{"line":237,"column":75}},"78":{"start":{"line":239,"column":4},"end":{"line":248,"column":null}},"79":{"start":{"line":241,"column":8},"end":{"line":241,"column":null}},"80":{"start":{"line":243,"column":8},"end":{"line":243,"column":null}},"81":{"start":{"line":245,"column":8},"end":{"line":245,"column":null}},"82":{"start":{"line":247,"column":8},"end":{"line":247,"column":null}},"83":{"start":{"line":301,"column":2},"end":{"line":324,"column":null}},"84":{"start":{"line":303,"column":6},"end":{"line":316,"column":null}},"85":{"start":{"line":306,"column":54},"end":{"line":313,"column":10}},"86":{"start":{"line":319,"column":6},"end":{"line":319,"column":null}},"87":{"start":{"line":323,"column":6},"end":{"line":323,"column":null}},"88":{"start":{"line":339,"column":21},"end":{"line":339,"column":null}},"89":{"start":{"line":340,"column":18},"end":{"line":340,"column":null}},"90":{"start":{"line":342,"column":18},"end":{"line":349,"column":null}},"91":{"start":{"line":351,"column":2},"end":{"line":385,"column":null}},"92":{"start":{"line":351,"column":21},"end":{"line":351,"column":24}},"93":{"start":{"line":352,"column":4},"end":{"line":384,"column":null}},"94":{"start":{"line":353,"column":25},"end":{"line":353,"column":null}},"95":{"start":{"line":354,"column":24},"end":{"line":354,"column":null}},"96":{"start":{"line":354,"column":41},"end":{"line":354,"column":61}},"97":{"start":{"line":356,"column":22},"end":{"line":360,"column":null}},"98":{"start":{"line":362,"column":23},"end":{"line":367,"column":null}},"99":{"start":{"line":369,"column":6},"end":{"line":369,"column":null}},"100":{"start":{"line":371,"column":6},"end":{"line":373,"column":null}},"101":{"start":{"line":372,"column":8},"end":{"line":372,"column":null}},"102":{"start":{"line":375,"column":6},"end":{"line":375,"column":null}},"103":{"start":{"line":377,"column":6},"end":{"line":379,"column":null}},"104":{"start":{"line":378,"column":8},"end":{"line":378,"column":null}},"105":{"start":{"line":382,"column":20},"end":{"line":382,"column":null}},"106":{"start":{"line":383,"column":6},"end":{"line":383,"column":null}},"107":{"start":{"line":383,"column":35},"end":{"line":383,"column":61}},"108":{"start":{"line":392,"column":2},"end":{"line":397,"column":null}},"109":{"start":{"line":393,"column":19},"end":{"line":393,"column":null}},"110":{"start":{"line":394,"column":4},"end":{"line":394,"column":null}},"111":{"start":{"line":396,"column":4},"end":{"line":396,"column":null}},"112":{"start":{"line":412,"column":2},"end":{"line":451,"column":null}},"113":{"start":{"line":423,"column":52},"end":{"line":432,"column":8}},"114":{"start":{"line":455,"column":26},"end":{"line":455,"column":null}},"115":{"start":{"line":457,"column":2},"end":{"line":463,"column":null}},"116":{"start":{"line":458,"column":4},"end":{"line":458,"column":null}},"117":{"start":{"line":460,"column":4},"end":{"line":460,"column":null}},"118":{"start":{"line":461,"column":4},"end":{"line":461,"column":null}},"119":{"start":{"line":462,"column":4},"end":{"line":462,"column":null}},"120":{"start":{"line":465,"column":2},"end":{"line":474,"column":null}},"121":{"start":{"line":466,"column":4},"end":{"line":466,"column":null}},"122":{"start":{"line":467,"column":4},"end":{"line":467,"column":null}},"123":{"start":{"line":468,"column":4},"end":{"line":473,"column":null}},"124":{"start":{"line":469,"column":23},"end":{"line":469,"column":null}},"125":{"start":{"line":470,"column":20},"end":{"line":470,"column":null}},"126":{"start":{"line":471,"column":20},"end":{"line":471,"column":null}},"127":{"start":{"line":472,"column":6},"end":{"line":472,"column":null}},"128":{"start":{"line":476,"column":2},"end":{"line":476,"column":null}},"129":{"start":{"line":480,"column":20},"end":{"line":505,"column":null}},"130":{"start":{"line":481,"column":21},"end":{"line":481,"column":null}},"131":{"start":{"line":482,"column":22},"end":{"line":482,"column":null}},"132":{"start":{"line":484,"column":4},"end":{"line":504,"column":null}},"133":{"start":{"line":485,"column":6},"end":{"line":491,"column":null}},"134":{"start":{"line":495,"column":6},"end":{"line":501,"column":null}},"135":{"start":{"line":507,"column":21},"end":{"line":507,"column":null}},"136":{"start":{"line":508,"column":19},"end":{"line":508,"column":null}},"137":{"start":{"line":509,"column":17},"end":{"line":509,"column":null}},"138":{"start":{"line":511,"column":2},"end":{"line":513,"column":null}},"139":{"start":{"line":521,"column":26},"end":{"line":521,"column":null}},"140":{"start":{"line":523,"column":2},"end":{"line":534,"column":null}},"141":{"start":{"line":524,"column":4},"end":{"line":524,"column":null}},"142":{"start":{"line":526,"column":4},"end":{"line":526,"column":null}},"143":{"start":{"line":529,"column":4},"end":{"line":533,"column":null}},"144":{"start":{"line":530,"column":20},"end":{"line":530,"column":null}},"145":{"start":{"line":531,"column":22},"end":{"line":531,"column":null}},"146":{"start":{"line":532,"column":6},"end":{"line":532,"column":null}},"147":{"start":{"line":537,"column":2},"end":{"line":537,"column":null}},"148":{"start":{"line":538,"column":2},"end":{"line":538,"column":null}},"149":{"start":{"line":539,"column":2},"end":{"line":539,"column":null}},"150":{"start":{"line":540,"column":2},"end":{"line":540,"column":null}},"151":{"start":{"line":542,"column":2},"end":{"line":542,"column":null}},"152":{"start":{"line":549,"column":17},"end":{"line":567,"column":null}},"153":{"start":{"line":558,"column":50},"end":{"line":566,"column":6}},"154":{"start":{"line":569,"column":2},"end":{"line":569,"column":null}},"155":{"start":{"line":579,"column":16},"end":{"line":579,"column":null}},"156":{"start":{"line":581,"column":21},"end":{"line":587,"column":null}},"157":{"start":{"line":589,"column":2},"end":{"line":589,"column":null}}},"fnMap":{"0":{"name":"(anonymous_0)","decl":{"start":{"line":34,"column":2},"end":{"line":34,"column":31}},"loc":{"start":{"line":34,"column":64},"end":{"line":34,"column":null}}},"1":{"name":"(anonymous_1)","decl":{"start":{"line":39,"column":2},"end":{"line":39,"column":18}},"loc":{"start":{"line":39,"column":71},"end":{"line":68,"column":null}}},"2":{"name":"(anonymous_2)","decl":{"start":{"line":52,"column":49},"end":{"line":52,"column":54}},"loc":{"start":{"line":52,"column":54},"end":{"line":52,"column":79}}},"3":{"name":"(anonymous_3)","decl":{"start":{"line":53,"column":48},"end":{"line":53,"column":53}},"loc":{"start":{"line":53,"column":53},"end":{"line":53,"column":77}}},"4":{"name":"(anonymous_4)","decl":{"start":{"line":54,"column":47},"end":{"line":54,"column":52}},"loc":{"start":{"line":54,"column":52},"end":{"line":54,"column":75}}},"5":{"name":"(anonymous_5)","decl":{"start":{"line":73,"column":2},"end":{"line":73,"column":14}},"loc":{"start":{"line":73,"column":90},"end":{"line":83,"column":null}}},"6":{"name":"(anonymous_6)","decl":{"start":{"line":88,"column":2},"end":{"line":88,"column":9}},"loc":{"start":{"line":88,"column":72},"end":{"line":94,"column":null}}},"7":{"name":"(anonymous_7)","decl":{"start":{"line":96,"column":10},"end":{"line":96,"column":24}},"loc":{"start":{"line":96,"column":93},"end":{"line":118,"column":null}}},"8":{"name":"(anonymous_8)","decl":{"start":{"line":101,"column":33},"end":{"line":101,"column":null}},"loc":{"start":{"line":102,"column":8},"end":{"line":104,"column":null}}},"9":{"name":"(anonymous_9)","decl":{"start":{"line":102,"column":39},"end":{"line":102,"column":null}},"loc":{"start":{"line":103,"column":10},"end":{"line":103,"column":null}}},"10":{"name":"(anonymous_10)","decl":{"start":{"line":110,"column":33},"end":{"line":110,"column":null}},"loc":{"start":{"line":111,"column":8},"end":{"line":113,"column":null}}},"11":{"name":"(anonymous_11)","decl":{"start":{"line":111,"column":40},"end":{"line":111,"column":null}},"loc":{"start":{"line":112,"column":10},"end":{"line":112,"column":null}}},"12":{"name":"(anonymous_12)","decl":{"start":{"line":120,"column":10},"end":{"line":120,"column":null}},"loc":{"start":{"line":123,"column":23},"end":{"line":133,"column":null}}},"13":{"name":"(anonymous_13)","decl":{"start":{"line":135,"column":10},"end":{"line":135,"column":null}},"loc":{"start":{"line":141,"column":10},"end":{"line":158,"column":null}}},"14":{"name":"(anonymous_14)","decl":{"start":{"line":160,"column":10},"end":{"line":160,"column":null}},"loc":{"start":{"line":163,"column":23},"end":{"line":174,"column":null}}},"15":{"name":"(anonymous_15)","decl":{"start":{"line":176,"column":10},"end":{"line":176,"column":null}},"loc":{"start":{"line":182,"column":10},"end":{"line":199,"column":null}}},"16":{"name":"(anonymous_16)","decl":{"start":{"line":201,"column":10},"end":{"line":201,"column":30}},"loc":{"start":{"line":201,"column":97},"end":{"line":215,"column":null}}},"17":{"name":"(anonymous_17)","decl":{"start":{"line":217,"column":10},"end":{"line":217,"column":28}},"loc":{"start":{"line":217,"column":95},"end":{"line":233,"column":null}}},"18":{"name":"(anonymous_18)","decl":{"start":{"line":235,"column":10},"end":{"line":235,"column":32}},"loc":{"start":{"line":235,"column":101},"end":{"line":249,"column":null}}},"19":{"name":"(anonymous_19)","decl":{"start":{"line":237,"column":47},"end":{"line":237,"column":52}},"loc":{"start":{"line":237,"column":52},"end":{"line":237,"column":75}}},"20":{"name":"generateCIBudgetReport","decl":{"start":{"line":297,"column":16},"end":{"line":297,"column":null}},"loc":{"start":{"line":300,"column":10},"end":{"line":325,"column":null}}},"21":{"name":"(anonymous_21)","decl":{"start":{"line":306,"column":48},"end":{"line":306,"column":54}},"loc":{"start":{"line":306,"column":54},"end":{"line":313,"column":10}}},"22":{"name":"sendBudgetWebhook","decl":{"start":{"line":330,"column":22},"end":{"line":330,"column":null}},"loc":{"start":{"line":338,"column":17},"end":{"line":386,"column":null}}},"23":{"name":"(anonymous_23)","decl":{"start":{"line":354,"column":35},"end":{"line":354,"column":41}},"loc":{"start":{"line":354,"column":41},"end":{"line":354,"column":61}}},"24":{"name":"(anonymous_24)","decl":{"start":{"line":383,"column":24},"end":{"line":383,"column":35}},"loc":{"start":{"line":383,"column":35},"end":{"line":383,"column":61}}},"25":{"name":"validateWebhookUrl","decl":{"start":{"line":391,"column":16},"end":{"line":391,"column":35}},"loc":{"start":{"line":391,"column":57},"end":{"line":398,"column":null}}},"26":{"name":"createMonitoringPayload","decl":{"start":{"line":403,"column":16},"end":{"line":403,"column":null}},"loc":{"start":{"line":411,"column":27},"end":{"line":452,"column":null}}},"27":{"name":"(anonymous_27)","decl":{"start":{"line":423,"column":46},"end":{"line":423,"column":52}},"loc":{"start":{"line":423,"column":52},"end":{"line":432,"column":8}}},"28":{"name":"generateConsoleReport","decl":{"start":{"line":454,"column":9},"end":{"line":454,"column":31}},"loc":{"start":{"line":454,"column":67},"end":{"line":477,"column":null}}},"29":{"name":"generateJUnitReport","decl":{"start":{"line":479,"column":9},"end":{"line":479,"column":29}},"loc":{"start":{"line":479,"column":65},"end":{"line":515,"column":null}}},"30":{"name":"(anonymous_30)","decl":{"start":{"line":480,"column":48},"end":{"line":480,"column":61}},"loc":{"start":{"line":480,"column":61},"end":{"line":505,"column":3}}},"31":{"name":"generateGitHubActionsReport","decl":{"start":{"line":520,"column":16},"end":{"line":520,"column":44}},"loc":{"start":{"line":520,"column":80},"end":{"line":543,"column":null}}},"32":{"name":"generateGitLabCIReport","decl":{"start":{"line":548,"column":16},"end":{"line":548,"column":39}},"loc":{"start":{"line":548,"column":75},"end":{"line":570,"column":null}}},"33":{"name":"(anonymous_33)","decl":{"start":{"line":558,"column":44},"end":{"line":558,"column":50}},"loc":{"start":{"line":558,"column":50},"end":{"line":566,"column":6}}},"34":{"name":"generateJenkinsReport","decl":{"start":{"line":575,"column":16},"end":{"line":575,"column":38}},"loc":{"start":{"line":578,"column":2},"end":{"line":590,"column":null}}}},"branchMap":{"0":{"loc":{"start":{"line":44,"column":6},"end":{"line":46,"column":null}},"type":"if","locations":[{"start":{"line":44,"column":6},"end":{"line":46,"column":null}},{"start":{},"end":{}}]},"1":{"loc":{"start":{"line":47,"column":6},"end":{"line":49,"column":null}},"type":"if","locations":[{"start":{"line":47,"column":6},"end":{"line":49,"column":null}},{"start":{},"end":{}}]},"2":{"loc":{"start":{"line":74,"column":4},"end":{"line":76,"column":null}},"type":"if","locations":[{"start":{"line":74,"column":4},"end":{"line":76,"column":null}},{"start":{},"end":{}}]},"3":{"loc":{"start":{"line":74,"column":8},"end":{"line":74,"column":34}},"type":"binary-expr","locations":[{"start":{"line":74,"column":8},"end":{"line":74,"column":19}},{"start":{"line":74,"column":19},"end":{"line":74,"column":34}}]},"4":{"loc":{"start":{"line":78,"column":4},"end":{"line":80,"column":null}},"type":"if","locations":[{"start":{"line":78,"column":4},"end":{"line":80,"column":null}},{"start":{},"end":{}}]},"5":{"loc":{"start":{"line":100,"column":4},"end":{"line":106,"column":null}},"type":"if","locations":[{"start":{"line":100,"column":4},"end":{"line":106,"column":null}},{"start":{},"end":{}}]},"6":{"loc":{"start":{"line":100,"column":8},"end":{"line":100,"column":73}},"type":"binary-expr","locations":[{"start":{"line":100,"column":8},"end":{"line":100,"column":36}},{"start":{"line":100,"column":36},"end":{"line":100,"column":73}}]},"7":{"loc":{"start":{"line":103,"column":10},"end":{"line":103,"column":null}},"type":"binary-expr","locations":[{"start":{"line":103,"column":10},"end":{"line":103,"column":43}},{"start":{"line":103,"column":43},"end":{"line":103,"column":null}}]},"8":{"loc":{"start":{"line":109,"column":4},"end":{"line":115,"column":null}},"type":"if","locations":[{"start":{"line":109,"column":4},"end":{"line":115,"column":null}},{"start":{},"end":{}}]},"9":{"loc":{"start":{"line":109,"column":8},"end":{"line":109,"column":73}},"type":"binary-expr","locations":[{"start":{"line":109,"column":8},"end":{"line":109,"column":36}},{"start":{"line":109,"column":36},"end":{"line":109,"column":73}}]},"10":{"loc":{"start":{"line":112,"column":10},"end":{"line":112,"column":null}},"type":"binary-expr","locations":[{"start":{"line":112,"column":10},"end":{"line":112,"column":43}},{"start":{"line":112,"column":43},"end":{"line":112,"column":null}}]},"11":{"loc":{"start":{"line":142,"column":4},"end":{"line":144,"column":null}},"type":"if","locations":[{"start":{"line":142,"column":4},"end":{"line":144,"column":null}},{"start":{},"end":{}}]},"12":{"loc":{"start":{"line":142,"column":8},"end":{"line":142,"column":53}},"type":"binary-expr","locations":[{"start":{"line":142,"column":8},"end":{"line":142,"column":31}},{"start":{"line":142,"column":31},"end":{"line":142,"column":53}}]},"13":{"loc":{"start":{"line":146,"column":4},"end":{"line":157,"column":null}},"type":"if","locations":[{"start":{"line":146,"column":4},"end":{"line":157,"column":null}},{"start":{},"end":{}}]},"14":{"loc":{"start":{"line":183,"column":4},"end":{"line":185,"column":null}},"type":"if","locations":[{"start":{"line":183,"column":4},"end":{"line":185,"column":null}},{"start":{},"end":{}}]},"15":{"loc":{"start":{"line":183,"column":8},"end":{"line":183,"column":53}},"type":"binary-expr","locations":[{"start":{"line":183,"column":8},"end":{"line":183,"column":31}},{"start":{"line":183,"column":31},"end":{"line":183,"column":53}}]},"16":{"loc":{"start":{"line":187,"column":4},"end":{"line":198,"column":null}},"type":"if","locations":[{"start":{"line":187,"column":4},"end":{"line":198,"column":null}},{"start":{},"end":{}}]},"17":{"loc":{"start":{"line":205,"column":4},"end":{"line":207,"column":null}},"type":"if","locations":[{"start":{"line":205,"column":4},"end":{"line":207,"column":null}},{"start":{},"end":{}}]},"18":{"loc":{"start":{"line":205,"column":8},"end":{"line":205,"column":45}},"type":"binary-expr","locations":[{"start":{"line":205,"column":8},"end":{"line":205,"column":32}},{"start":{"line":205,"column":32},"end":{"line":205,"column":45}}]},"19":{"loc":{"start":{"line":210,"column":4},"end":{"line":212,"column":null}},"type":"if","locations":[{"start":{"line":210,"column":4},"end":{"line":212,"column":null}},{"start":{},"end":{}}]},"20":{"loc":{"start":{"line":221,"column":4},"end":{"line":221,"column":null}},"type":"if","locations":[{"start":{"line":221,"column":4},"end":{"line":221,"column":null}},{"start":{},"end":{}}]},"21":{"loc":{"start":{"line":221,"column":8},"end":{"line":221,"column":41}},"type":"binary-expr","locations":[{"start":{"line":221,"column":8},"end":{"line":221,"column":26}},{"start":{"line":221,"column":26},"end":{"line":221,"column":41}}]},"22":{"loc":{"start":{"line":222,"column":4},"end":{"line":222,"column":null}},"type":"if","locations":[{"start":{"line":222,"column":4},"end":{"line":222,"column":null}},{"start":{},"end":{}}]},"23":{"loc":{"start":{"line":222,"column":8},"end":{"line":222,"column":41}},"type":"binary-expr","locations":[{"start":{"line":222,"column":8},"end":{"line":222,"column":26}},{"start":{"line":222,"column":26},"end":{"line":222,"column":41}}]},"24":{"loc":{"start":{"line":223,"column":4},"end":{"line":223,"column":null}},"type":"if","locations":[{"start":{"line":223,"column":4},"end":{"line":223,"column":null}},{"start":{},"end":{}}]},"25":{"loc":{"start":{"line":223,"column":8},"end":{"line":223,"column":40}},"type":"binary-expr","locations":[{"start":{"line":223,"column":8},"end":{"line":223,"column":26}},{"start":{"line":223,"column":26},"end":{"line":223,"column":40}}]},"26":{"loc":{"start":{"line":224,"column":4},"end":{"line":224,"column":null}},"type":"if","locations":[{"start":{"line":224,"column":4},"end":{"line":224,"column":null}},{"start":{},"end":{}}]},"27":{"loc":{"start":{"line":224,"column":8},"end":{"line":224,"column":39}},"type":"binary-expr","locations":[{"start":{"line":224,"column":8},"end":{"line":224,"column":24}},{"start":{"line":224,"column":24},"end":{"line":224,"column":39}}]},"28":{"loc":{"start":{"line":225,"column":4},"end":{"line":225,"column":null}},"type":"if","locations":[{"start":{"line":225,"column":4},"end":{"line":225,"column":null}},{"start":{},"end":{}}]},"29":{"loc":{"start":{"line":225,"column":8},"end":{"line":225,"column":40}},"type":"binary-expr","locations":[{"start":{"line":225,"column":8},"end":{"line":225,"column":26}},{"start":{"line":225,"column":26},"end":{"line":225,"column":40}}]},"30":{"loc":{"start":{"line":228,"column":4},"end":{"line":230,"column":null}},"type":"if","locations":[{"start":{"line":228,"column":4},"end":{"line":230,"column":null}},{"start":{},"end":{}}]},"31":{"loc":{"start":{"line":236,"column":29},"end":{"line":236,"column":null}},"type":"binary-expr","locations":[{"start":{"line":236,"column":29},"end":{"line":236,"column":61}},{"start":{"line":236,"column":61},"end":{"line":236,"column":null}}]},"32":{"loc":{"start":{"line":239,"column":4},"end":{"line":248,"column":null}},"type":"switch","locations":[{"start":{"line":240,"column":6},"end":{"line":241,"column":null}},{"start":{"line":242,"column":6},"end":{"line":243,"column":null}},{"start":{"line":244,"column":6},"end":{"line":245,"column":null}},{"start":{"line":246,"column":6},"end":{"line":247,"column":null}}]},"33":{"loc":{"start":{"line":299,"column":2},"end":{"line":299,"column":null}},"type":"default-arg","locations":[{"start":{"line":299,"column":41},"end":{"line":299,"column":null}}]},"34":{"loc":{"start":{"line":301,"column":2},"end":{"line":324,"column":null}},"type":"switch","locations":[{"start":{"line":302,"column":4},"end":{"line":316,"column":null}},{"start":{"line":318,"column":4},"end":{"line":319,"column":null}},{"start":{"line":321,"column":4},"end":{"line":321,"column":null}},{"start":{"line":322,"column":4},"end":{"line":323,"column":null}}]},"35":{"loc":{"start":{"line":339,"column":21},"end":{"line":339,"column":null}},"type":"binary-expr","locations":[{"start":{"line":339,"column":21},"end":{"line":339,"column":39}},{"start":{"line":339,"column":39},"end":{"line":339,"column":null}}]},"36":{"loc":{"start":{"line":340,"column":18},"end":{"line":340,"column":null}},"type":"binary-expr","locations":[{"start":{"line":340,"column":18},"end":{"line":340,"column":36}},{"start":{"line":340,"column":36},"end":{"line":340,"column":null}}]},"37":{"loc":{"start":{"line":371,"column":6},"end":{"line":373,"column":null}},"type":"if","locations":[{"start":{"line":371,"column":6},"end":{"line":373,"column":null}},{"start":{},"end":{}}]},"38":{"loc":{"start":{"line":377,"column":6},"end":{"line":379,"column":null}},"type":"if","locations":[{"start":{"line":377,"column":6},"end":{"line":379,"column":null}},{"start":{},"end":{}}]},"39":{"loc":{"start":{"line":378,"column":84},"end":{"line":378,"column":138}},"type":"cond-expr","locations":[{"start":{"line":378,"column":109},"end":{"line":378,"column":125}},{"start":{"line":378,"column":125},"end":{"line":378,"column":138}}]},"40":{"loc":{"start":{"line":394,"column":11},"end":{"line":394,"column":null}},"type":"binary-expr","locations":[{"start":{"line":394,"column":11},"end":{"line":394,"column":42}},{"start":{"line":394,"column":42},"end":{"line":394,"column":null}}]},"41":{"loc":{"start":{"line":414,"column":12},"end":{"line":414,"column":null}},"type":"cond-expr","locations":[{"start":{"line":414,"column":34},"end":{"line":414,"column":46}},{"start":{"line":414,"column":46},"end":{"line":414,"column":null}}]},"42":{"loc":{"start":{"line":415,"column":13},"end":{"line":417,"column":null}},"type":"cond-expr","locations":[{"start":{"line":416,"column":8},"end":{"line":416,"column":null}},{"start":{"line":417,"column":8},"end":{"line":417,"column":null}}]},"43":{"loc":{"start":{"line":447,"column":20},"end":{"line":449,"column":null}},"type":"cond-expr","locations":[{"start":{"line":448,"column":10},"end":{"line":448,"column":null}},{"start":{"line":449,"column":10},"end":{"line":449,"column":null}}]},"44":{"loc":{"start":{"line":457,"column":2},"end":{"line":463,"column":null}},"type":"if","locations":[{"start":{"line":457,"column":2},"end":{"line":463,"column":null}},{"start":{"line":459,"column":9},"end":{"line":463,"column":null}}]},"45":{"loc":{"start":{"line":465,"column":2},"end":{"line":474,"column":null}},"type":"if","locations":[{"start":{"line":465,"column":2},"end":{"line":474,"column":null}},{"start":{},"end":{}}]},"46":{"loc":{"start":{"line":469,"column":23},"end":{"line":469,"column":null}},"type":"cond-expr","locations":[{"start":{"line":469,"column":59},"end":{"line":469,"column":66}},{"start":{"line":469,"column":66},"end":{"line":469,"column":null}}]},"47":{"loc":{"start":{"line":470,"column":20},"end":{"line":470,"column":null}},"type":"cond-expr","locations":[{"start":{"line":470,"column":50},"end":{"line":470,"column":87}},{"start":{"line":470,"column":87},"end":{"line":470,"column":null}}]},"48":{"loc":{"start":{"line":471,"column":20},"end":{"line":471,"column":null}},"type":"cond-expr","locations":[{"start":{"line":471,"column":50},"end":{"line":471,"column":87}},{"start":{"line":471,"column":87},"end":{"line":471,"column":null}}]},"49":{"loc":{"start":{"line":484,"column":4},"end":{"line":504,"column":null}},"type":"if","locations":[{"start":{"line":484,"column":4},"end":{"line":504,"column":null}},{"start":{"line":494,"column":11},"end":{"line":504,"column":null}}]},"50":{"loc":{"start":{"line":523,"column":2},"end":{"line":534,"column":null}},"type":"if","locations":[{"start":{"line":523,"column":2},"end":{"line":534,"column":null}},{"start":{"line":525,"column":9},"end":{"line":534,"column":null}}]},"51":{"loc":{"start":{"line":530,"column":20},"end":{"line":530,"column":null}},"type":"cond-expr","locations":[{"start":{"line":530,"column":56},"end":{"line":530,"column":66}},{"start":{"line":530,"column":66},"end":{"line":530,"column":null}}]}},"s":{"0":450,"1":250,"2":250,"3":250,"4":618,"5":519,"6":618,"7":416,"8":250,"9":2260,"10":250,"11":2260,"12":250,"13":2260,"14":250,"15":250,"16":500,"17":166,"18":334,"19":231,"20":103,"21":0,"22":250,"23":250,"24":0,"25":0,"26":0,"27":250,"28":0,"29":0,"30":0,"31":250,"32":519,"33":519,"34":519,"35":519,"36":519,"37":519,"38":519,"39":2076,"40":204,"41":1872,"42":957,"43":416,"44":416,"45":416,"46":416,"47":416,"48":416,"49":416,"50":416,"51":2080,"52":0,"53":2080,"54":1303,"55":957,"56":957,"57":216,"58":741,"59":479,"60":262,"61":1303,"62":1303,"63":224,"64":1079,"65":200,"66":879,"67":236,"68":643,"69":17,"70":626,"71":229,"72":397,"73":366,"74":31,"75":250,"76":250,"77":2260,"78":250,"79":154,"80":46,"81":50,"82":0,"83":0,"84":0,"85":0,"86":0,"87":0,"88":1,"89":1,"90":1,"91":1,"92":1,"93":4,"94":4,"95":4,"96":4,"97":4,"98":4,"99":0,"100":0,"101":0,"102":0,"103":4,"104":0,"105":4,"106":4,"107":4,"108":2,"109":2,"110":2,"111":0,"112":1,"113":0,"114":0,"115":0,"116":0,"117":0,"118":0,"119":0,"120":0,"121":0,"122":0,"123":0,"124":0,"125":0,"126":0,"127":0,"128":0,"129":0,"130":0,"131":0,"132":0,"133":0,"134":0,"135":0,"136":0,"137":0,"138":0,"139":0,"140":0,"141":0,"142":0,"143":0,"144":0,"145":0,"146":0,"147":0,"148":0,"149":0,"150":0,"151":0,"152":0,"153":0,"154":0,"155":0,"156":0,"157":0},"f":{"0":450,"1":250,"2":2260,"3":2260,"4":2260,"5":500,"6":0,"7":250,"8":0,"9":0,"10":0,"11":0,"12":519,"13":2076,"14":416,"15":2080,"16":957,"17":1303,"18":250,"19":2260,"20":0,"21":0,"22":1,"23":4,"24":4,"25":2,"26":1,"27":0,"28":0,"29":0,"30":0,"31":0,"32":0,"33":0,"34":0},"b":{"0":[519,99],"1":[416,202],"2":[166,334],"3":[500,245],"4":[231,103],"5":[0,250],"6":[250,0],"7":[0,0],"8":[0,250],"9":[250,0],"10":[0,0],"11":[204,1872],"12":[2076,1872],"13":[957,915],"14":[0,2080],"15":[2080,2080],"16":[1303,777],"17":[216,741],"18":[957,269],"19":[479,262],"20":[224,1079],"21":[1303,267],"22":[200,879],"23":[1079,261],"24":[236,643],"25":[879,284],"26":[17,626],"27":[643,224],"28":[229,397],"29":[626,267],"30":[366,31],"31":[250,0],"32":[154,46,50,0],"33":[0],"34":[0,0,0,0],"35":[1,0],"36":[1,0],"37":[0,0],"38":[0,4],"39":[0,0],"40":[2,0],"41":[0,1],"42":[0,1],"43":[1,0],"44":[0,0],"45":[0,0],"46":[0,0],"47":[0,0],"48":[0,0],"49":[0,0],"50":[0,0],"51":[0,0]}}
,"E:/Web Project/experimental-workspace/apex-auditor-workspace/signaler/src/route-detectors.ts": {"path":"E:/Web Project/experimental-workspace/apex-auditor-workspace/signaler/src/route-detectors.ts","statementMap":{"0":{"start":{"line":73,"column":24},"end":{"line":73,"column":null}},"1":{"start":{"line":74,"column":29},"end":{"line":74,"column":null}},"2":{"start":{"line":75,"column":30},"end":{"line":75,"column":null}},"3":{"start":{"line":76,"column":41},"end":{"line":76,"column":null}},"4":{"start":{"line":77,"column":43},"end":{"line":77,"column":null}},"5":{"start":{"line":78,"column":43},"end":{"line":78,"column":null}},"6":{"start":{"line":79,"column":38},"end":{"line":79,"column":null}},"7":{"start":{"line":80,"column":42},"end":{"line":80,"column":null}},"8":{"start":{"line":81,"column":36},"end":{"line":81,"column":null}},"9":{"start":{"line":82,"column":44},"end":{"line":82,"column":null}},"10":{"start":{"line":83,"column":50},"end":{"line":91,"column":null}},"11":{"start":{"line":97,"column":16},"end":{"line":97,"column":null}},"12":{"start":{"line":98,"column":27},"end":{"line":98,"column":null}},"13":{"start":{"line":99,"column":2},"end":{"line":119,"column":null}},"14":{"start":{"line":100,"column":51},"end":{"line":100,"column":null}},"15":{"start":{"line":101,"column":4},"end":{"line":104,"column":null}},"16":{"start":{"line":102,"column":6},"end":{"line":102,"column":null}},"17":{"start":{"line":103,"column":6},"end":{"line":103,"column":null}},"18":{"start":{"line":105,"column":19},"end":{"line":105,"column":null}},"19":{"start":{"line":106,"column":4},"end":{"line":109,"column":null}},"20":{"start":{"line":107,"column":6},"end":{"line":107,"column":null}},"21":{"start":{"line":108,"column":6},"end":{"line":108,"column":null}},"22":{"start":{"line":110,"column":21},"end":{"line":110,"column":null}},"23":{"start":{"line":111,"column":47},"end":{"line":111,"column":null}},"24":{"start":{"line":111,"column":74},"end":{"line":111,"column":105}},"25":{"start":{"line":112,"column":4},"end":{"line":117,"column":null}},"26":{"start":{"line":118,"column":4},"end":{"line":118,"column":null}},"27":{"start":{"line":120,"column":2},"end":{"line":120,"column":null}},"28":{"start":{"line":121,"column":2},"end":{"line":121,"column":null}},"29":{"start":{"line":125,"column":2},"end":{"line":127,"column":null}},"30":{"start":{"line":126,"column":4},"end":{"line":126,"column":null}},"31":{"start":{"line":128,"column":2},"end":{"line":130,"column":null}},"32":{"start":{"line":129,"column":4},"end":{"line":129,"column":null}},"33":{"start":{"line":131,"column":2},"end":{"line":131,"column":null}},"34":{"start":{"line":135,"column":2},"end":{"line":153,"column":null}},"35":{"start":{"line":138,"column":39},"end":{"line":138,"column":null}},"36":{"start":{"line":139,"column":6},"end":{"line":139,"column":null}},"37":{"start":{"line":142,"column":39},"end":{"line":142,"column":null}},"38":{"start":{"line":143,"column":41},"end":{"line":143,"column":null}},"39":{"start":{"line":144,"column":6},"end":{"line":150,"column":null}},"40":{"start":{"line":145,"column":23},"end":{"line":145,"column":null}},"41":{"start":{"line":146,"column":8},"end":{"line":146,"column":null}},"42":{"start":{"line":147,"column":8},"end":{"line":149,"column":null}},"43":{"start":{"line":148,"column":10},"end":{"line":148,"column":null}},"44":{"start":{"line":151,"column":6},"end":{"line":151,"column":null}},"45":{"start":{"line":157,"column":2},"end":{"line":175,"column":null}},"46":{"start":{"line":160,"column":39},"end":{"line":160,"column":null}},"47":{"start":{"line":161,"column":6},"end":{"line":161,"column":null}},"48":{"start":{"line":164,"column":39},"end":{"line":164,"column":null}},"49":{"start":{"line":165,"column":41},"end":{"line":165,"column":null}},"50":{"start":{"line":166,"column":6},"end":{"line":172,"column":null}},"51":{"start":{"line":167,"column":23},"end":{"line":167,"column":null}},"52":{"start":{"line":168,"column":8},"end":{"line":168,"column":null}},"53":{"start":{"line":169,"column":8},"end":{"line":171,"column":null}},"54":{"start":{"line":170,"column":10},"end":{"line":170,"column":null}},"55":{"start":{"line":173,"column":6},"end":{"line":173,"column":null}},"56":{"start":{"line":179,"column":2},"end":{"line":189,"column":null}},"57":{"start":{"line":182,"column":33},"end":{"line":182,"column":null}},"58":{"start":{"line":183,"column":6},"end":{"line":183,"column":null}},"59":{"start":{"line":186,"column":33},"end":{"line":186,"column":null}},"60":{"start":{"line":187,"column":6},"end":{"line":187,"column":null}},"61":{"start":{"line":193,"column":2},"end":{"line":211,"column":null}},"62":{"start":{"line":196,"column":39},"end":{"line":196,"column":null}},"63":{"start":{"line":197,"column":6},"end":{"line":197,"column":null}},"64":{"start":{"line":200,"column":39},"end":{"line":200,"column":null}},"65":{"start":{"line":201,"column":41},"end":{"line":201,"column":null}},"66":{"start":{"line":202,"column":6},"end":{"line":208,"column":null}},"67":{"start":{"line":203,"column":23},"end":{"line":203,"column":null}},"68":{"start":{"line":204,"column":8},"end":{"line":204,"column":null}},"69":{"start":{"line":205,"column":8},"end":{"line":207,"column":null}},"70":{"start":{"line":206,"column":10},"end":{"line":206,"column":null}},"71":{"start":{"line":209,"column":6},"end":{"line":209,"column":null}},"72":{"start":{"line":215,"column":2},"end":{"line":219,"column":null}},"73":{"start":{"line":217,"column":34},"end":{"line":217,"column":null}},"74":{"start":{"line":218,"column":31},"end":{"line":218,"column":null}},"75":{"start":{"line":223,"column":2},"end":{"line":227,"column":null}},"76":{"start":{"line":225,"column":34},"end":{"line":225,"column":null}},"77":{"start":{"line":226,"column":31},"end":{"line":226,"column":null}},"78":{"start":{"line":231,"column":2},"end":{"line":259,"column":null}},"79":{"start":{"line":234,"column":39},"end":{"line":234,"column":null}},"80":{"start":{"line":235,"column":6},"end":{"line":235,"column":null}},"81":{"start":{"line":238,"column":39},"end":{"line":238,"column":null}},"82":{"start":{"line":239,"column":41},"end":{"line":239,"column":null}},"83":{"start":{"line":240,"column":37},"end":{"line":240,"column":null}},"84":{"start":{"line":241,"column":6},"end":{"line":256,"column":null}},"85":{"start":{"line":242,"column":49},"end":{"line":242,"column":null}},"86":{"start":{"line":243,"column":8},"end":{"line":252,"column":null}},"87":{"start":{"line":244,"column":10},"end":{"line":246,"column":null}},"88":{"start":{"line":245,"column":12},"end":{"line":245,"column":null}},"89":{"start":{"line":247,"column":10},"end":{"line":249,"column":null}},"90":{"start":{"line":248,"column":12},"end":{"line":248,"column":null}},"91":{"start":{"line":250,"column":10},"end":{"line":250,"column":null}},"92":{"start":{"line":251,"column":10},"end":{"line":251,"column":null}},"93":{"start":{"line":253,"column":8},"end":{"line":255,"column":null}},"94":{"start":{"line":254,"column":10},"end":{"line":254,"column":null}},"95":{"start":{"line":257,"column":6},"end":{"line":257,"column":null}},"96":{"start":{"line":263,"column":26},"end":{"line":263,"column":null}},"97":{"start":{"line":264,"column":28},"end":{"line":264,"column":null}},"98":{"start":{"line":265,"column":18},"end":{"line":270,"column":null}},"99":{"start":{"line":266,"column":4},"end":{"line":269,"column":null}},"100":{"start":{"line":267,"column":6},"end":{"line":267,"column":null}},"101":{"start":{"line":268,"column":6},"end":{"line":268,"column":null}},"102":{"start":{"line":271,"column":46},"end":{"line":274,"column":null}},"103":{"start":{"line":275,"column":2},"end":{"line":279,"column":null}},"104":{"start":{"line":276,"column":4},"end":{"line":278,"column":null}},"105":{"start":{"line":277,"column":6},"end":{"line":277,"column":null}},"106":{"start":{"line":280,"column":40},"end":{"line":280,"column":null}},"107":{"start":{"line":281,"column":2},"end":{"line":301,"column":null}},"108":{"start":{"line":282,"column":34},"end":{"line":282,"column":null}},"109":{"start":{"line":283,"column":4},"end":{"line":285,"column":null}},"110":{"start":{"line":284,"column":6},"end":{"line":284,"column":null}},"111":{"start":{"line":286,"column":30},"end":{"line":286,"column":null}},"112":{"start":{"line":287,"column":4},"end":{"line":300,"column":null}},"113":{"start":{"line":288,"column":6},"end":{"line":290,"column":null}},"114":{"start":{"line":289,"column":8},"end":{"line":289,"column":null}},"115":{"start":{"line":291,"column":30},"end":{"line":291,"column":null}},"116":{"start":{"line":292,"column":33},"end":{"line":292,"column":null}},"117":{"start":{"line":293,"column":6},"end":{"line":296,"column":null}},"118":{"start":{"line":294,"column":8},"end":{"line":294,"column":null}},"119":{"start":{"line":295,"column":8},"end":{"line":295,"column":null}},"120":{"start":{"line":297,"column":6},"end":{"line":299,"column":null}},"121":{"start":{"line":298,"column":8},"end":{"line":298,"column":null}},"122":{"start":{"line":302,"column":2},"end":{"line":302,"column":null}},"123":{"start":{"line":306,"column":26},"end":{"line":306,"column":null}},"124":{"start":{"line":307,"column":28},"end":{"line":307,"column":null}},"125":{"start":{"line":308,"column":18},"end":{"line":313,"column":null}},"126":{"start":{"line":309,"column":4},"end":{"line":312,"column":null}},"127":{"start":{"line":310,"column":6},"end":{"line":310,"column":null}},"128":{"start":{"line":311,"column":6},"end":{"line":311,"column":null}},"129":{"start":{"line":314,"column":46},"end":{"line":318,"column":null}},"130":{"start":{"line":319,"column":2},"end":{"line":323,"column":null}},"131":{"start":{"line":320,"column":4},"end":{"line":322,"column":null}},"132":{"start":{"line":321,"column":6},"end":{"line":321,"column":null}},"133":{"start":{"line":324,"column":40},"end":{"line":324,"column":null}},"134":{"start":{"line":325,"column":2},"end":{"line":348,"column":null}},"135":{"start":{"line":326,"column":34},"end":{"line":326,"column":null}},"136":{"start":{"line":327,"column":4},"end":{"line":329,"column":null}},"137":{"start":{"line":328,"column":6},"end":{"line":328,"column":null}},"138":{"start":{"line":330,"column":30},"end":{"line":330,"column":null}},"139":{"start":{"line":331,"column":4},"end":{"line":347,"column":null}},"140":{"start":{"line":332,"column":6},"end":{"line":334,"column":null}},"141":{"start":{"line":333,"column":8},"end":{"line":333,"column":null}},"142":{"start":{"line":335,"column":32},"end":{"line":335,"column":null}},"143":{"start":{"line":336,"column":35},"end":{"line":336,"column":null}},"144":{"start":{"line":337,"column":35},"end":{"line":337,"column":null}},"145":{"start":{"line":338,"column":6},"end":{"line":340,"column":null}},"146":{"start":{"line":339,"column":8},"end":{"line":339,"column":null}},"147":{"start":{"line":341,"column":6},"end":{"line":343,"column":null}},"148":{"start":{"line":342,"column":8},"end":{"line":342,"column":null}},"149":{"start":{"line":344,"column":6},"end":{"line":346,"column":null}},"150":{"start":{"line":345,"column":8},"end":{"line":345,"column":null}},"151":{"start":{"line":349,"column":2},"end":{"line":349,"column":null}},"152":{"start":{"line":353,"column":26},"end":{"line":353,"column":null}},"153":{"start":{"line":354,"column":28},"end":{"line":354,"column":null}},"154":{"start":{"line":355,"column":18},"end":{"line":360,"column":null}},"155":{"start":{"line":356,"column":4},"end":{"line":359,"column":null}},"156":{"start":{"line":357,"column":6},"end":{"line":357,"column":null}},"157":{"start":{"line":358,"column":6},"end":{"line":358,"column":null}},"158":{"start":{"line":361,"column":46},"end":{"line":364,"column":null}},"159":{"start":{"line":365,"column":2},"end":{"line":369,"column":null}},"160":{"start":{"line":366,"column":4},"end":{"line":368,"column":null}},"161":{"start":{"line":367,"column":6},"end":{"line":367,"column":null}},"162":{"start":{"line":370,"column":40},"end":{"line":370,"column":null}},"163":{"start":{"line":371,"column":2},"end":{"line":391,"column":null}},"164":{"start":{"line":372,"column":34},"end":{"line":372,"column":null}},"165":{"start":{"line":373,"column":4},"end":{"line":375,"column":null}},"166":{"start":{"line":374,"column":6},"end":{"line":374,"column":null}},"167":{"start":{"line":376,"column":30},"end":{"line":376,"column":null}},"168":{"start":{"line":377,"column":4},"end":{"line":390,"column":null}},"169":{"start":{"line":378,"column":6},"end":{"line":380,"column":null}},"170":{"start":{"line":379,"column":8},"end":{"line":379,"column":null}},"171":{"start":{"line":381,"column":32},"end":{"line":381,"column":null}},"172":{"start":{"line":382,"column":35},"end":{"line":382,"column":null}},"173":{"start":{"line":383,"column":6},"end":{"line":386,"column":null}},"174":{"start":{"line":384,"column":8},"end":{"line":384,"column":null}},"175":{"start":{"line":385,"column":8},"end":{"line":385,"column":null}},"176":{"start":{"line":387,"column":6},"end":{"line":389,"column":null}},"177":{"start":{"line":388,"column":8},"end":{"line":388,"column":null}},"178":{"start":{"line":392,"column":2},"end":{"line":392,"column":null}},"179":{"start":{"line":396,"column":16},"end":{"line":396,"column":null}},"180":{"start":{"line":397,"column":2},"end":{"line":397,"column":null}},"181":{"start":{"line":397,"column":29},"end":{"line":397,"column":91}},"182":{"start":{"line":401,"column":16},"end":{"line":401,"column":null}},"183":{"start":{"line":402,"column":2},"end":{"line":402,"column":null}},"184":{"start":{"line":402,"column":29},"end":{"line":402,"column":97}},"185":{"start":{"line":406,"column":16},"end":{"line":406,"column":null}},"186":{"start":{"line":407,"column":2},"end":{"line":407,"column":null}},"187":{"start":{"line":407,"column":29},"end":{"line":407,"column":96}},"188":{"start":{"line":411,"column":16},"end":{"line":411,"column":null}},"189":{"start":{"line":412,"column":2},"end":{"line":412,"column":null}},"190":{"start":{"line":412,"column":29},"end":{"line":412,"column":93}},"191":{"start":{"line":416,"column":16},"end":{"line":416,"column":null}},"192":{"start":{"line":417,"column":2},"end":{"line":417,"column":null}},"193":{"start":{"line":417,"column":29},"end":{"line":417,"column":101}},"194":{"start":{"line":421,"column":19},"end":{"line":421,"column":null}},"195":{"start":{"line":422,"column":2},"end":{"line":424,"column":null}},"196":{"start":{"line":423,"column":4},"end":{"line":423,"column":null}},"197":{"start":{"line":425,"column":15},"end":{"line":425,"column":null}},"198":{"start":{"line":426,"column":17},"end":{"line":426,"column":null}},"199":{"start":{"line":427,"column":2},"end":{"line":427,"column":null}},"200":{"start":{"line":427,"column":36},"end":{"line":427,"column":106}},"201":{"start":{"line":431,"column":40},"end":{"line":437,"column":null}},"202":{"start":{"line":438,"column":29},"end":{"line":438,"column":null}},"203":{"start":{"line":439,"column":2},"end":{"line":443,"column":null}},"204":{"start":{"line":440,"column":4},"end":{"line":442,"column":null}},"205":{"start":{"line":441,"column":6},"end":{"line":441,"column":null}},"206":{"start":{"line":444,"column":2},"end":{"line":444,"column":null}},"207":{"start":{"line":448,"column":35},"end":{"line":448,"column":null}},"208":{"start":{"line":449,"column":2},"end":{"line":451,"column":null}},"209":{"start":{"line":450,"column":23},"end":{"line":450,"column":96}},"210":{"start":{"line":451,"column":23},"end":{"line":451,"column":61}},"211":{"start":{"line":459,"column":26},"end":{"line":459,"column":null}},"212":{"start":{"line":460,"column":26},"end":{"line":460,"column":null}},"213":{"start":{"line":461,"column":2},"end":{"line":478,"column":null}},"214":{"start":{"line":462,"column":20},"end":{"line":462,"column":null}},"215":{"start":{"line":463,"column":20},"end":{"line":463,"column":null}},"216":{"start":{"line":464,"column":4},"end":{"line":477,"column":null}},"217":{"start":{"line":465,"column":24},"end":{"line":465,"column":null}},"218":{"start":{"line":466,"column":27},"end":{"line":466,"column":null}},"219":{"start":{"line":467,"column":6},"end":{"line":473,"column":null}},"220":{"start":{"line":468,"column":8},"end":{"line":470,"column":null}},"221":{"start":{"line":469,"column":10},"end":{"line":469,"column":null}},"222":{"start":{"line":471,"column":6},"end":{"line":473,"column":null}},"223":{"start":{"line":472,"column":8},"end":{"line":472,"column":null}},"224":{"start":{"line":474,"column":6},"end":{"line":476,"column":null}},"225":{"start":{"line":475,"column":8},"end":{"line":475,"column":null}},"226":{"start":{"line":479,"column":2},"end":{"line":479,"column":null}},"227":{"start":{"line":483,"column":20},"end":{"line":483,"column":null}},"228":{"start":{"line":484,"column":2},"end":{"line":486,"column":null}},"229":{"start":{"line":485,"column":4},"end":{"line":485,"column":null}},"230":{"start":{"line":487,"column":2},"end":{"line":487,"column":null}},"231":{"start":{"line":491,"column":2},"end":{"line":493,"column":null}},"232":{"start":{"line":492,"column":4},"end":{"line":492,"column":null}},"233":{"start":{"line":494,"column":20},"end":{"line":494,"column":null}},"234":{"start":{"line":495,"column":2},"end":{"line":497,"column":null}},"235":{"start":{"line":496,"column":4},"end":{"line":496,"column":null}},"236":{"start":{"line":498,"column":2},"end":{"line":500,"column":null}},"237":{"start":{"line":499,"column":4},"end":{"line":499,"column":null}},"238":{"start":{"line":501,"column":2},"end":{"line":503,"column":null}},"239":{"start":{"line":502,"column":4},"end":{"line":502,"column":null}},"240":{"start":{"line":504,"column":2},"end":{"line":506,"column":null}},"241":{"start":{"line":505,"column":4},"end":{"line":505,"column":null}},"242":{"start":{"line":507,"column":2},"end":{"line":507,"column":null}},"243":{"start":{"line":511,"column":2},"end":{"line":513,"column":null}},"244":{"start":{"line":512,"column":4},"end":{"line":512,"column":null}},"245":{"start":{"line":514,"column":20},"end":{"line":514,"column":null}},"246":{"start":{"line":515,"column":2},"end":{"line":517,"column":null}},"247":{"start":{"line":516,"column":4},"end":{"line":516,"column":null}},"248":{"start":{"line":518,"column":2},"end":{"line":518,"column":null}},"249":{"start":{"line":522,"column":2},"end":{"line":524,"column":null}},"250":{"start":{"line":523,"column":4},"end":{"line":523,"column":null}},"251":{"start":{"line":525,"column":20},"end":{"line":525,"column":null}},"252":{"start":{"line":526,"column":2},"end":{"line":528,"column":null}},"253":{"start":{"line":527,"column":4},"end":{"line":527,"column":null}},"254":{"start":{"line":529,"column":2},"end":{"line":531,"column":null}},"255":{"start":{"line":530,"column":4},"end":{"line":530,"column":null}},"256":{"start":{"line":532,"column":2},"end":{"line":534,"column":null}},"257":{"start":{"line":533,"column":4},"end":{"line":533,"column":null}},"258":{"start":{"line":535,"column":2},"end":{"line":535,"column":null}},"259":{"start":{"line":539,"column":2},"end":{"line":541,"column":null}},"260":{"start":{"line":540,"column":4},"end":{"line":540,"column":null}},"261":{"start":{"line":542,"column":2},"end":{"line":544,"column":null}},"262":{"start":{"line":543,"column":4},"end":{"line":543,"column":null}},"263":{"start":{"line":545,"column":20},"end":{"line":545,"column":null}},"264":{"start":{"line":546,"column":2},"end":{"line":548,"column":null}},"265":{"start":{"line":547,"column":4},"end":{"line":547,"column":null}},"266":{"start":{"line":549,"column":2},"end":{"line":549,"column":null}},"267":{"start":{"line":549,"column":49},"end":{"line":549,"column":73}},"268":{"start":{"line":553,"column":2},"end":{"line":555,"column":null}},"269":{"start":{"line":554,"column":4},"end":{"line":554,"column":null}},"270":{"start":{"line":556,"column":28},"end":{"line":556,"column":null}},"271":{"start":{"line":557,"column":2},"end":{"line":562,"column":null}},"272":{"start":{"line":567,"column":2},"end":{"line":567,"column":null}},"273":{"start":{"line":567,"column":45},"end":{"line":567,"column":69}},"274":{"start":{"line":571,"column":2},"end":{"line":571,"column":null}},"275":{"start":{"line":571,"column":50},"end":{"line":571,"column":74}},"276":{"start":{"line":575,"column":2},"end":{"line":577,"column":null}},"277":{"start":{"line":576,"column":4},"end":{"line":576,"column":null}},"278":{"start":{"line":578,"column":28},"end":{"line":578,"column":null}},"279":{"start":{"line":579,"column":2},"end":{"line":581,"column":null}},"280":{"start":{"line":580,"column":4},"end":{"line":580,"column":null}},"281":{"start":{"line":582,"column":2},"end":{"line":582,"column":null}},"282":{"start":{"line":582,"column":49},"end":{"line":582,"column":72}},"283":{"start":{"line":591,"column":23},"end":{"line":591,"column":null}},"284":{"start":{"line":592,"column":20},"end":{"line":592,"column":null}},"285":{"start":{"line":593,"column":2},"end":{"line":597,"column":null}},"286":{"start":{"line":601,"column":20},"end":{"line":601,"column":null}},"287":{"start":{"line":602,"column":22},"end":{"line":602,"column":null}},"288":{"start":{"line":603,"column":18},"end":{"line":603,"column":null}},"289":{"start":{"line":604,"column":2},"end":{"line":604,"column":null}},"290":{"start":{"line":608,"column":20},"end":{"line":608,"column":null}},"291":{"start":{"line":609,"column":2},"end":{"line":611,"column":null}},"292":{"start":{"line":610,"column":4},"end":{"line":610,"column":null}},"293":{"start":{"line":612,"column":2},"end":{"line":614,"column":null}},"294":{"start":{"line":613,"column":4},"end":{"line":613,"column":null}},"295":{"start":{"line":615,"column":2},"end":{"line":615,"column":null}},"296":{"start":{"line":619,"column":28},"end":{"line":619,"column":null}},"297":{"start":{"line":620,"column":2},"end":{"line":622,"column":null}},"298":{"start":{"line":621,"column":4},"end":{"line":621,"column":null}},"299":{"start":{"line":623,"column":2},"end":{"line":625,"column":null}},"300":{"start":{"line":624,"column":4},"end":{"line":624,"column":null}},"301":{"start":{"line":626,"column":38},"end":{"line":626,"column":null}},"302":{"start":{"line":626,"column":79},"end":{"line":626,"column":97}},"303":{"start":{"line":627,"column":36},"end":{"line":627,"column":null}},"304":{"start":{"line":627,"column":62},"end":{"line":627,"column":85}},"305":{"start":{"line":627,"column":107},"end":{"line":627,"column":125}},"306":{"start":{"line":628,"column":2},"end":{"line":628,"column":null}},"307":{"start":{"line":632,"column":2},"end":{"line":634,"column":null}},"308":{"start":{"line":633,"column":4},"end":{"line":633,"column":null}},"309":{"start":{"line":635,"column":2},"end":{"line":638,"column":null}},"310":{"start":{"line":636,"column":25},"end":{"line":636,"column":null}},"311":{"start":{"line":637,"column":4},"end":{"line":637,"column":null}},"312":{"start":{"line":639,"column":48},"end":{"line":639,"column":null}},"313":{"start":{"line":640,"column":2},"end":{"line":644,"column":null}},"314":{"start":{"line":641,"column":25},"end":{"line":641,"column":null}},"315":{"start":{"line":642,"column":29},"end":{"line":642,"column":null}},"316":{"start":{"line":643,"column":4},"end":{"line":643,"column":null}},"317":{"start":{"line":645,"column":2},"end":{"line":645,"column":null}},"318":{"start":{"line":649,"column":20},"end":{"line":649,"column":null}},"319":{"start":{"line":650,"column":17},"end":{"line":654,"column":null}},"320":{"start":{"line":652,"column":26},"end":{"line":652,"column":44}},"321":{"start":{"line":653,"column":22},"end":{"line":653,"column":36}},"322":{"start":{"line":654,"column":25},"end":{"line":654,"column":43}},"323":{"start":{"line":655,"column":16},"end":{"line":676,"column":null}},"324":{"start":{"line":656,"column":23},"end":{"line":656,"column":76}},"325":{"start":{"line":658,"column":6},"end":{"line":660,"column":null}},"326":{"start":{"line":659,"column":8},"end":{"line":659,"column":null}},"327":{"start":{"line":661,"column":6},"end":{"line":663,"column":null}},"328":{"start":{"line":662,"column":8},"end":{"line":662,"column":null}},"329":{"start":{"line":664,"column":6},"end":{"line":666,"column":null}},"330":{"start":{"line":665,"column":8},"end":{"line":665,"column":null}},"331":{"start":{"line":667,"column":6},"end":{"line":673,"column":null}},"332":{"start":{"line":668,"column":8},"end":{"line":672,"column":null}},"333":{"start":{"line":670,"column":29},"end":{"line":670,"column":45}},"334":{"start":{"line":671,"column":34},"end":{"line":671,"column":68}},"335":{"start":{"line":674,"column":6},"end":{"line":674,"column":null}},"336":{"start":{"line":676,"column":25},"end":{"line":676,"column":43}},"337":{"start":{"line":677,"column":2},"end":{"line":677,"column":null}},"338":{"start":{"line":681,"column":28},"end":{"line":681,"column":null}},"339":{"start":{"line":682,"column":30},"end":{"line":682,"column":null}},"340":{"start":{"line":683,"column":29},"end":{"line":683,"column":null}},"341":{"start":{"line":683,"column":72},"end":{"line":683,"column":90}},"342":{"start":{"line":684,"column":26},"end":{"line":696,"column":null}},"343":{"start":{"line":685,"column":25},"end":{"line":685,"column":76}},"344":{"start":{"line":687,"column":6},"end":{"line":694,"column":null}},"345":{"start":{"line":688,"column":30},"end":{"line":688,"column":null}},"346":{"start":{"line":689,"column":29},"end":{"line":689,"column":null}},"347":{"start":{"line":690,"column":8},"end":{"line":692,"column":null}},"348":{"start":{"line":691,"column":10},"end":{"line":691,"column":null}},"349":{"start":{"line":693,"column":8},"end":{"line":693,"column":null}},"350":{"start":{"line":695,"column":6},"end":{"line":695,"column":null}},"351":{"start":{"line":697,"column":2},"end":{"line":699,"column":null}},"352":{"start":{"line":698,"column":4},"end":{"line":698,"column":null}},"353":{"start":{"line":700,"column":2},"end":{"line":700,"column":null}},"354":{"start":{"line":704,"column":28},"end":{"line":704,"column":null}},"355":{"start":{"line":705,"column":29},"end":{"line":705,"column":null}},"356":{"start":{"line":706,"column":31},"end":{"line":706,"column":null}},"357":{"start":{"line":707,"column":29},"end":{"line":707,"column":null}},"358":{"start":{"line":708,"column":2},"end":{"line":708,"column":null}},"359":{"start":{"line":712,"column":29},"end":{"line":712,"column":null}},"360":{"start":{"line":713,"column":36},"end":{"line":713,"column":null}},"361":{"start":{"line":714,"column":2},"end":{"line":714,"column":null}},"362":{"start":{"line":718,"column":18},"end":{"line":718,"column":null}},"363":{"start":{"line":719,"column":2},"end":{"line":721,"column":null}},"364":{"start":{"line":720,"column":4},"end":{"line":720,"column":null}},"365":{"start":{"line":722,"column":2},"end":{"line":722,"column":null}},"366":{"start":{"line":726,"column":2},"end":{"line":728,"column":null}},"367":{"start":{"line":727,"column":4},"end":{"line":727,"column":null}},"368":{"start":{"line":729,"column":19},"end":{"line":729,"column":null}},"369":{"start":{"line":730,"column":22},"end":{"line":730,"column":null}},"370":{"start":{"line":731,"column":2},"end":{"line":731,"column":null}},"371":{"start":{"line":735,"column":2},"end":{"line":735,"column":null}},"372":{"start":{"line":739,"column":2},"end":{"line":739,"column":null}},"373":{"start":{"line":743,"column":2},"end":{"line":745,"column":null}},"374":{"start":{"line":744,"column":4},"end":{"line":744,"column":null}},"375":{"start":{"line":746,"column":20},"end":{"line":746,"column":null}},"376":{"start":{"line":746,"column":55},"end":{"line":746,"column":82}},"377":{"start":{"line":747,"column":2},"end":{"line":749,"column":null}},"378":{"start":{"line":748,"column":4},"end":{"line":748,"column":null}},"379":{"start":{"line":750,"column":17},"end":{"line":750,"column":null}},"380":{"start":{"line":750,"column":54},"end":{"line":750,"column":81}},"381":{"start":{"line":751,"column":2},"end":{"line":751,"column":null}},"382":{"start":{"line":760,"column":2},"end":{"line":762,"column":null}},"383":{"start":{"line":761,"column":4},"end":{"line":761,"column":null}},"384":{"start":{"line":763,"column":2},"end":{"line":772,"column":null}},"385":{"start":{"line":776,"column":21},"end":{"line":781,"column":null}},"386":{"start":{"line":782,"column":2},"end":{"line":787,"column":null}},"387":{"start":{"line":783,"column":21},"end":{"line":783,"column":null}},"388":{"start":{"line":784,"column":4},"end":{"line":786,"column":null}},"389":{"start":{"line":785,"column":6},"end":{"line":785,"column":null}},"390":{"start":{"line":788,"column":2},"end":{"line":788,"column":null}},"391":{"start":{"line":792,"column":27},"end":{"line":792,"column":null}},"392":{"start":{"line":793,"column":15},"end":{"line":793,"column":null}},"393":{"start":{"line":794,"column":22},"end":{"line":794,"column":null}},"394":{"start":{"line":795,"column":27},"end":{"line":795,"column":null}},"395":{"start":{"line":796,"column":19},"end":{"line":806,"column":null}},"396":{"start":{"line":797,"column":17},"end":{"line":797,"column":null}},"397":{"start":{"line":798,"column":4},"end":{"line":800,"column":null}},"398":{"start":{"line":799,"column":6},"end":{"line":799,"column":null}},"399":{"start":{"line":801,"column":23},"end":{"line":801,"column":null}},"400":{"start":{"line":802,"column":4},"end":{"line":805,"column":null}},"401":{"start":{"line":803,"column":6},"end":{"line":803,"column":null}},"402":{"start":{"line":804,"column":6},"end":{"line":804,"column":null}},"403":{"start":{"line":808,"column":2},"end":{"line":810,"column":null}},"404":{"start":{"line":809,"column":4},"end":{"line":809,"column":null}},"405":{"start":{"line":811,"column":2},"end":{"line":813,"column":null}},"406":{"start":{"line":812,"column":4},"end":{"line":812,"column":null}},"407":{"start":{"line":814,"column":2},"end":{"line":814,"column":null}}},"fnMap":{"0":{"name":"detectRoutes","decl":{"start":{"line":96,"column":22},"end":{"line":96,"column":35}},"loc":{"start":{"line":96,"column":100},"end":{"line":122,"column":null}}},"1":{"name":"(anonymous_1)","decl":{"start":{"line":111,"column":63},"end":{"line":111,"column":64}},"loc":{"start":{"line":111,"column":74},"end":{"line":111,"column":105}}},"2":{"name":"isConcreteRoutePath","decl":{"start":{"line":124,"column":9},"end":{"line":124,"column":29}},"loc":{"start":{"line":124,"column":52},"end":{"line":132,"column":null}}},"3":{"name":"createNextAppDetector","decl":{"start":{"line":134,"column":9},"end":{"line":134,"column":48}},"loc":{"start":{"line":134,"column":48},"end":{"line":154,"column":null}}},"4":{"name":"(anonymous_4)","decl":{"start":{"line":137,"column":15},"end":{"line":137,"column":22}},"loc":{"start":{"line":137,"column":34},"end":{"line":140,"column":null}}},"5":{"name":"(anonymous_5)","decl":{"start":{"line":141,"column":12},"end":{"line":141,"column":19}},"loc":{"start":{"line":141,"column":31},"end":{"line":152,"column":null}}},"6":{"name":"createNuxtPagesDetector","decl":{"start":{"line":156,"column":9},"end":{"line":156,"column":50}},"loc":{"start":{"line":156,"column":50},"end":{"line":176,"column":null}}},"7":{"name":"(anonymous_7)","decl":{"start":{"line":159,"column":15},"end":{"line":159,"column":22}},"loc":{"start":{"line":159,"column":34},"end":{"line":162,"column":null}}},"8":{"name":"(anonymous_8)","decl":{"start":{"line":163,"column":12},"end":{"line":163,"column":19}},"loc":{"start":{"line":163,"column":31},"end":{"line":174,"column":null}}},"9":{"name":"createSvelteKitRoutesDetector","decl":{"start":{"line":178,"column":9},"end":{"line":178,"column":56}},"loc":{"start":{"line":178,"column":56},"end":{"line":190,"column":null}}},"10":{"name":"(anonymous_10)","decl":{"start":{"line":181,"column":15},"end":{"line":181,"column":22}},"loc":{"start":{"line":181,"column":34},"end":{"line":184,"column":null}}},"11":{"name":"(anonymous_11)","decl":{"start":{"line":185,"column":12},"end":{"line":185,"column":19}},"loc":{"start":{"line":185,"column":31},"end":{"line":188,"column":null}}},"12":{"name":"createNextPagesDetector","decl":{"start":{"line":192,"column":9},"end":{"line":192,"column":50}},"loc":{"start":{"line":192,"column":50},"end":{"line":212,"column":null}}},"13":{"name":"(anonymous_13)","decl":{"start":{"line":195,"column":15},"end":{"line":195,"column":22}},"loc":{"start":{"line":195,"column":34},"end":{"line":198,"column":null}}},"14":{"name":"(anonymous_14)","decl":{"start":{"line":199,"column":12},"end":{"line":199,"column":19}},"loc":{"start":{"line":199,"column":31},"end":{"line":210,"column":null}}},"15":{"name":"createRemixRoutesDetector","decl":{"start":{"line":214,"column":9},"end":{"line":214,"column":52}},"loc":{"start":{"line":214,"column":52},"end":{"line":220,"column":null}}},"16":{"name":"(anonymous_16)","decl":{"start":{"line":217,"column":15},"end":{"line":217,"column":22}},"loc":{"start":{"line":217,"column":34},"end":{"line":217,"column":null}}},"17":{"name":"(anonymous_17)","decl":{"start":{"line":218,"column":12},"end":{"line":218,"column":19}},"loc":{"start":{"line":218,"column":31},"end":{"line":218,"column":null}}},"18":{"name":"createSpaHtmlDetector","decl":{"start":{"line":222,"column":9},"end":{"line":222,"column":48}},"loc":{"start":{"line":222,"column":48},"end":{"line":228,"column":null}}},"19":{"name":"(anonymous_19)","decl":{"start":{"line":225,"column":15},"end":{"line":225,"column":22}},"loc":{"start":{"line":225,"column":34},"end":{"line":225,"column":null}}},"20":{"name":"(anonymous_20)","decl":{"start":{"line":226,"column":12},"end":{"line":226,"column":19}},"loc":{"start":{"line":226,"column":31},"end":{"line":226,"column":null}}},"21":{"name":"createStaticHtmlDetector","decl":{"start":{"line":230,"column":9},"end":{"line":230,"column":51}},"loc":{"start":{"line":230,"column":51},"end":{"line":260,"column":null}}},"22":{"name":"(anonymous_22)","decl":{"start":{"line":233,"column":15},"end":{"line":233,"column":22}},"loc":{"start":{"line":233,"column":34},"end":{"line":236,"column":null}}},"23":{"name":"(anonymous_23)","decl":{"start":{"line":237,"column":12},"end":{"line":237,"column":19}},"loc":{"start":{"line":237,"column":31},"end":{"line":258,"column":null}}},"24":{"name":"findNextAppRoots","decl":{"start":{"line":262,"column":15},"end":{"line":262,"column":32}},"loc":{"start":{"line":262,"column":72},"end":{"line":303,"column":null}}},"25":{"name":"(anonymous_25)","decl":{"start":{"line":265,"column":18},"end":{"line":265,"column":19}},"loc":{"start":{"line":265,"column":41},"end":{"line":270,"column":null}}},"26":{"name":"findNuxtPagesRoots","decl":{"start":{"line":305,"column":15},"end":{"line":305,"column":34}},"loc":{"start":{"line":305,"column":74},"end":{"line":350,"column":null}}},"27":{"name":"(anonymous_27)","decl":{"start":{"line":308,"column":18},"end":{"line":308,"column":19}},"loc":{"start":{"line":308,"column":41},"end":{"line":313,"column":null}}},"28":{"name":"findNextPagesRoots","decl":{"start":{"line":352,"column":15},"end":{"line":352,"column":34}},"loc":{"start":{"line":352,"column":74},"end":{"line":393,"column":null}}},"29":{"name":"(anonymous_29)","decl":{"start":{"line":355,"column":18},"end":{"line":355,"column":19}},"loc":{"start":{"line":355,"column":41},"end":{"line":360,"column":null}}},"30":{"name":"detectAppRoutes","decl":{"start":{"line":395,"column":15},"end":{"line":395,"column":31}},"loc":{"start":{"line":395,"column":89},"end":{"line":398,"column":null}}},"31":{"name":"(anonymous_31)","decl":{"start":{"line":397,"column":19},"end":{"line":397,"column":20}},"loc":{"start":{"line":397,"column":29},"end":{"line":397,"column":91}}},"32":{"name":"detectPagesRoutes","decl":{"start":{"line":400,"column":15},"end":{"line":400,"column":33}},"loc":{"start":{"line":400,"column":93},"end":{"line":403,"column":null}}},"33":{"name":"(anonymous_33)","decl":{"start":{"line":402,"column":19},"end":{"line":402,"column":20}},"loc":{"start":{"line":402,"column":29},"end":{"line":402,"column":97}}},"34":{"name":"detectNuxtPagesRoutes","decl":{"start":{"line":405,"column":15},"end":{"line":405,"column":37}},"loc":{"start":{"line":405,"column":97},"end":{"line":408,"column":null}}},"35":{"name":"(anonymous_35)","decl":{"start":{"line":407,"column":19},"end":{"line":407,"column":20}},"loc":{"start":{"line":407,"column":29},"end":{"line":407,"column":96}}},"36":{"name":"detectRemixRoutes","decl":{"start":{"line":410,"column":15},"end":{"line":410,"column":33}},"loc":{"start":{"line":410,"column":94},"end":{"line":413,"column":null}}},"37":{"name":"(anonymous_37)","decl":{"start":{"line":412,"column":19},"end":{"line":412,"column":20}},"loc":{"start":{"line":412,"column":29},"end":{"line":412,"column":93}}},"38":{"name":"detectSvelteKitRoutes","decl":{"start":{"line":415,"column":15},"end":{"line":415,"column":37}},"loc":{"start":{"line":415,"column":98},"end":{"line":418,"column":null}}},"39":{"name":"(anonymous_39)","decl":{"start":{"line":417,"column":19},"end":{"line":417,"column":20}},"loc":{"start":{"line":417,"column":29},"end":{"line":417,"column":101}}},"40":{"name":"detectSpaRoutes","decl":{"start":{"line":420,"column":15},"end":{"line":420,"column":31}},"loc":{"start":{"line":420,"column":93},"end":{"line":428,"column":null}}},"41":{"name":"(anonymous_41)","decl":{"start":{"line":427,"column":20},"end":{"line":427,"column":21}},"loc":{"start":{"line":427,"column":36},"end":{"line":427,"column":106}}},"42":{"name":"findStaticHtmlRoots","decl":{"start":{"line":430,"column":15},"end":{"line":430,"column":35}},"loc":{"start":{"line":430,"column":84},"end":{"line":445,"column":null}}},"43":{"name":"detectStaticHtmlRoutes","decl":{"start":{"line":447,"column":15},"end":{"line":447,"column":38}},"loc":{"start":{"line":447,"column":93},"end":{"line":452,"column":null}}},"44":{"name":"(anonymous_44)","decl":{"start":{"line":450,"column":9},"end":{"line":450,"column":1
[...]
268,"column":50},"end":{"line":306,"column":null}}},"10":{"name":"(anonymous_10)","decl":{"start":{"line":274,"column":6},"end":{"line":274,"column":16}},"loc":{"start":{"line":274,"column":50},"end":{"line":296,"column":null}}},"11":{"name":"(anonymous_11)","decl":{"start":{"line":288,"column":17},"end":{"line":288,"column":25}},"loc":{"start":{"line":288,"column":25},"end":{"line":288,"column":36}}},"12":{"name":"(anonymous_12)","decl":{"start":{"line":297,"column":6},"end":{"line":297,"column":12}},"loc":{"start":{"line":297,"column":22},"end":{"line":304,"column":null}}},"13":{"name":"(anonymous_13)","decl":{"start":{"line":311,"column":2},"end":{"line":311,"column":33}},"loc":{"start":{"line":311,"column":33},"end":{"line":313,"column":null}}},"14":{"name":"(anonymous_14)","decl":{"start":{"line":318,"column":2},"end":{"line":318,"column":23}},"loc":{"start":{"line":318,"column":23},"end":{"line":325,"column":null}}},"15":{"name":"createChunkedAsyncIterator","decl":{"start":{"line":331,"column":23},"end":{"line":331,"column":null}},"loc":{"start":{"line":334,"column":38},"end":{"line":338,"column":null}}},"16":{"name":"estimateObjectSize","decl":{"start":{"line":343,"column":16},"end":{"line":343,"column":35}},"loc":{"start":{"line":343,"column":53},"end":{"line":346,"column":null}}},"17":{"name":"shouldUseStreaming","decl":{"start":{"line":351,"column":16},"end":{"line":351,"column":null}},"loc":{"start":{"line":355,"column":11},"end":{"line":368,"column":null}}}},"branchMap":{"0":{"loc":{"start":{"line":68,"column":14},"end":{"line":68,"column":53}},"type":"default-arg","locations":[{"start":{"line":68,"column":49},"end":{"line":68,"column":53}}]},"1":{"loc":{"start":{"line":70,"column":17},"end":{"line":70,"column":null}},"type":"binary-expr","locations":[{"start":{"line":70,"column":17},"end":{"line":70,"column":37}},{"start":{"line":70,"column":37},"end":{"line":70,"column":null}}]},"2":{"loc":{"start":{"line":71,"column":19},"end":{"line":71,"column":null}},"type":"binary-expr","locations":[{"start":{"line":71,"column":19},"end":{"line":71,"column":41}},{"start":{"line":71,"column":41},"end":{"line":71,"column":null}}]},"3":{"loc":{"start":{"line":72,"column":25},"end":{"line":72,"column":null}},"type":"binary-expr","locations":[{"start":{"line":72,"column":25},"end":{"line":72,"column":53}},{"start":{"line":72,"column":53},"end":{"line":72,"column":null}}]},"4":{"loc":{"start":{"line":118,"column":54},"end":{"line":118,"column":110}},"type":"cond-expr","locations":[{"start":{"line":118,"column":79},"end":{"line":118,"column":95}},{"start":{"line":118,"column":95},"end":{"line":118,"column":110}}]},"5":{"loc":{"start":{"line":140,"column":6},"end":{"line":153,"column":null}},"type":"if","locations":[{"start":{"line":140,"column":6},"end":{"line":153,"column":null}},{"start":{},"end":{}}]},"6":{"loc":{"start":{"line":142,"column":8},"end":{"line":144,"column":null}},"type":"if","locations":[{"start":{"line":142,"column":8},"end":{"line":144,"column":null}},{"start":{},"end":{}}]},"7":{"loc":{"start":{"line":150,"column":8},"end":{"line":152,"column":null}},"type":"if","locations":[{"start":{"line":150,"column":8},"end":{"line":152,"column":null}},{"start":{},"end":{}}]},"8":{"loc":{"start":{"line":163,"column":6},"end":{"line":165,"column":null}},"type":"if","locations":[{"start":{"line":163,"column":6},"end":{"line":165,"column":null}},{"start":{},"end":{}}]},"9":{"loc":{"start":{"line":186,"column":6},"end":{"line":188,"column":null}},"type":"if","locations":[{"start":{"line":186,"column":6},"end":{"line":188,"column":null}},{"start":{},"end":{}}]},"10":{"loc":{"start":{"line":190,"column":28},"end":{"line":190,"column":null}},"type":"cond-expr","locations":[{"start":{"line":190,"column":40},"end":{"line":190,"column":58}},{"start":{"line":190,"column":58},"end":{"line":190,"column":null}}]},"11":{"loc":{"start":{"line":205,"column":6},"end":{"line":207,"column":null}},"type":"if","locations":[{"start":{"line":205,"column":6},"end":{"line":207,"column":null}},{"start":{},"end":{}}]},"12":{"loc":{"start":{"line":224,"column":8},"end":{"line":227,"column":null}},"type":"if","locations":[{"start":{"line":224,"column":8},"end":{"line":227,"column":null}},{"start":{},"end":{}}]},"13":{"loc":{"start":{"line":253,"column":10},"end":{"line":255,"column":null}},"type":"if","locations":[{"start":{"line":253,"column":10},"end":{"line":255,"column":null}},{"start":{},"end":{}}]},"14":{"loc":{"start":{"line":275,"column":8},"end":{"line":278,"column":null}},"type":"if","locations":[{"start":{"line":275,"column":8},"end":{"line":278,"column":null}},{"start":{},"end":{}}]},"15":{"loc":{"start":{"line":281,"column":10},"end":{"line":283,"column":null}},"type":"if","locations":[{"start":{"line":281,"column":10},"end":{"line":283,"column":null}},{"start":{},"end":{}}]},"16":{"loc":{"start":{"line":298,"column":8},"end":{"line":302,"column":null}},"type":"if","locations":[{"start":{"line":298,"column":8},"end":{"line":302,"column":null}},{"start":{"line":300,"column":15},"end":{"line":302,"column":null}}]},"17":{"loc":{"start":{"line":354,"column":2},"end":{"line":354,"column":null}},"type":"default-arg","locations":[{"start":{"line":354,"column":26},"end":{"line":354,"column":null}}]},"18":{"loc":{"start":{"line":364,"column":4},"end":{"line":366,"column":null}},"type":"binary-expr","locations":[{"start":{"line":364,"column":4},"end":{"line":364,"column":null}},{"start":{"line":365,"column":4},"end":{"line":365,"column":null}},{"start":{"line":366,"column":4},"end":{"line":366,"column":null}}]}},"s":{"0":649,"1":649,"2":0,"3":0,"4":0,"5":0,"6":0,"7":0,"8":0,"9":0,"10":0,"11":0,"12":0,"13":495,"14":495,"15":495,"16":495,"17":495,"18":495,"19":495,"20":495,"21":495,"22":0,"23":0,"24":0,"25":0,"26":0,"27":0,"28":495,"29":495,"30":491,"31":491,"32":491,"33":490,"34":491,"35":491,"36":0,"37":0,"38":0,"39":0,"40":0,"41":0,"42":0,"43":0,"44":0,"45":0,"46":0,"47":0,"48":0,"49":0,"50":0,"51":0,"52":0,"53":0,"54":0,"55":0,"56":0,"57":0,"58":0,"59":0,"60":0,"61":0,"62":0,"63":0,"64":0,"65":0,"66":0,"67":0,"68":0,"69":0,"70":0,"71":0,"72":0,"73":0,"74":0,"75":0,"76":0,"77":0,"78":0,"79":0,"80":0,"81":0,"82":0,"83":0,"84":0,"85":0,"86":0,"87":0,"88":0,"89":1,"90":0,"91":0,"92":0,"93":0,"94":990,"95":990,"96":495,"97":495,"98":495},"f":{"0":649,"1":0,"2":495,"3":0,"4":0,"5":0,"6":0,"7":0,"8":0,"9":0,"10":0,"11":0,"12":0,"13":1,"14":0,"15":0,"16":990,"17":495},"b":{"0":[0],"1":[649,0],"2":[649,0],"3":[649,649],"4":[0,0],"5":[0,495],"6":[0,0],"7":[0,0],"8":[490,1],"9":[0,0],"10":[0,0],"11":[0,0],"12":[0,0],"13":[0,0],"14":[0,0],"15":[0,0],"16":[0,0],"17":[5],"18":[495,495,495]}}
,"E:/Web Project/experimental-workspace/apex-auditor-workspace/signaler/src/utils/memory-monitor.ts": {"path":"E:/Web Project/experimental-workspace/apex-auditor-workspace/signaler/src/utils/memory-monitor.ts","statementMap":{"0":{"start":{"line":23,"column":20},"end":{"line":23,"column":null}},"1":{"start":{"line":24,"column":21},"end":{"line":24,"column":null}},"2":{"start":{"line":25,"column":20},"end":{"line":25,"column":null}},"3":{"start":{"line":27,"column":23},"end":{"line":27,"column":null}},"4":{"start":{"line":28,"column":24},"end":{"line":28,"column":null}},"5":{"start":{"line":29,"column":23},"end":{"line":29,"column":null}},"6":{"start":{"line":30,"column":25},"end":{"line":30,"column":null}},"7":{"start":{"line":33,"column":16},"end":{"line":33,"column":null}},"8":{"start":{"line":36,"column":21},"end":{"line":36,"column":null}},"9":{"start":{"line":38,"column":2},"end":{"line":45,"column":null}},"10":{"start":{"line":55,"column":17},"end":{"line":55,"column":null}},"11":{"start":{"line":57,"column":2},"end":{"line":62,"column":null}},"12":{"start":{"line":58,"column":4},"end":{"line":61,"column":null}},"13":{"start":{"line":64,"column":2},"end":{"line":69,"column":null}},"14":{"start":{"line":65,"column":4},"end":{"line":68,"column":null}},"15":{"start":{"line":71,"column":2},"end":{"line":76,"column":null}},"16":{"start":{"line":72,"column":4},"end":{"line":75,"column":null}},"17":{"start":{"line":78,"column":2},"end":{"line":78,"column":null}},"18":{"start":{"line":85,"column":17},"end":{"line":85,"column":null}},"19":{"start":{"line":86,"column":2},"end":{"line":86,"column":null}},"20":{"start":{"line":88,"column":2},"end":{"line":92,"column":null}},"21":{"start":{"line":89,"column":4},"end":{"line":89,"column":null}},"22":{"start":{"line":90,"column":2},"end":{"line":92,"column":null}},"23":{"start":{"line":91,"column":4},"end":{"line":91,"column":null}}},"fnMap":{"0":{"name":"getMemoryStatus","decl":{"start":{"line":22,"column":16},"end":{"line":22,"column":48}},"loc":{"start":{"line":22,"column":48},"end":{"line":46,"column":null}}},"1":{"name":"checkMemoryAvailability","decl":{"start":{"line":51,"column":16},"end":{"line":51,"column":40}},"loc":{"start":{"line":54,"column":2},"end":{"line":79,"column":null}}},"2":{"name":"logMemoryStatus","decl":{"start":{"line":84,"column":16},"end":{"line":84,"column":32}},"loc":{"start":{"line":84,"column":65},"end":{"line":93,"column":null}}}},"branchMap":{"0":{"loc":{"start":{"line":33,"column":16},"end":{"line":33,"column":null}},"type":"binary-expr","locations":[{"start":{"line":33,"column":16},"end":{"line":33,"column":39}},{"start":{"line":33,"column":39},"end":{"line":33,"column":null}}]},"1":{"loc":{"start":{"line":36,"column":21},"end":{"line":36,"column":null}},"type":"binary-expr","locations":[{"start":{"line":36,"column":21},"end":{"line":36,"column":44}},{"start":{"line":36,"column":44},"end":{"line":36,"column":null}}]},"2":{"loc":{"start":{"line":51,"column":40},"end":{"line":51,"column":null}},"type":"default-arg","locations":[{"start":{"line":51,"column":61},"end":{"line":51,"column":null}}]},"3":{"loc":{"start":{"line":57,"column":2},"end":{"line":62,"column":null}},"type":"if","locations":[{"start":{"line":57,"column":2},"end":{"line":62,"column":null}},{"start":{},"end":{}}]},"4":{"loc":{"start":{"line":64,"column":2},"end":{"line":69,"column":null}},"type":"if","locations":[{"start":{"line":64,"column":2},"end":{"line":69,"column":null}},{"start":{},"end":{}}]},"5":{"loc":{"start":{"line":71,"column":2},"end":{"line":76,"column":null}},"type":"if","locations":[{"start":{"line":71,"column":2},"end":{"line":76,"column":null}},{"start":{},"end":{}}]},"6":{"loc":{"start":{"line":84,"column":32},"end":{"line":84,"column":65}},"type":"default-arg","locations":[{"start":{"line":84,"column":49},"end":{"line":84,"column":65}}]},"7":{"loc":{"start":{"line":88,"column":2},"end":{"line":92,"column":null}},"type":"if","locations":[{"start":{"line":88,"column":2},"end":{"line":92,"column":null}},{"start":{"line":90,"column":2},"end":{"line":92,"column":null}}]},"8":{"loc":{"start":{"line":90,"column":2},"end":{"line":92,"column":null}},"type":"if","locations":[{"start":{"line":90,"column":2},"end":{"line":92,"column":null}},{"start":{},"end":{}}]}},"s":{"0":243,"1":243,"2":243,"3":243,"4":243,"5":243,"6":243,"7":243,"8":243,"9":243,"10":202,"11":202,"12":0,"13":202,"14":0,"15":202,"16":202,"17":0,"18":0,"19":0,"20":0,"21":0,"22":0,"23":0},"f":{"0":243,"1":202,"2":0},"b":{"0":[243,0],"1":[243,243],"2":[0],"3":[0,202],"4":[0,202],"5":[202,0],"6":[0],"7":[0,0],"8":[0,0]}}
,"E:/Web Project/experimental-workspace/apex-auditor-workspace/signaler/src/utils/retry.ts": {"path":"E:/Web Project/experimental-workspace/apex-auditor-workspace/signaler/src/utils/retry.ts","statementMap":{"0":{"start":{"line":15,"column":44},"end":{"line":21,"column":null}},"1":{"start":{"line":27,"column":27},"end":{"line":27,"column":null}},"2":{"start":{"line":28,"column":17},"end":{"line":28,"column":null}},"3":{"start":{"line":29,"column":2},"end":{"line":29,"column":null}},"4":{"start":{"line":36,"column":2},"end":{"line":36,"column":null}},"5":{"start":{"line":36,"column":34},"end":{"line":36,"column":57}},"6":{"start":{"line":46,"column":29},"end":{"line":46,"column":null}},"7":{"start":{"line":49,"column":2},"end":{"line":74,"column":null}},"8":{"start":{"line":49,"column":21},"end":{"line":49,"column":24}},"9":{"start":{"line":50,"column":4},"end":{"line":73,"column":null}},"10":{"start":{"line":51,"column":6},"end":{"line":51,"column":null}},"11":{"start":{"line":53,"column":6},"end":{"line":53,"column":null}},"12":{"start":{"line":56,"column":6},"end":{"line":58,"column":null}},"13":{"start":{"line":57,"column":8},"end":{"line":57,"column":null}},"14":{"start":{"line":61,"column":6},"end":{"line":63,"column":null}},"15":{"start":{"line":62,"column":8},"end":{"line":62,"column":null}},"16":{"start":{"line":66,"column":6},"end":{"line":68,"column":null}},"17":{"start":{"line":67,"column":8},"end":{"line":67,"column":null}},"18":{"start":{"line":71,"column":22},"end":{"line":71,"column":null}},"19":{"start":{"line":72,"column":6},"end":{"line":72,"column":null}},"20":{"start":{"line":76,"column":2},"end":{"line":76,"column":null}},"21":{"start":{"line":83,"column":18},"end":{"line":83,"column":null}},"22":{"start":{"line":84,"column":23},"end":{"line":84,"column":null}},"23":{"start":{"line":87,"column":2},"end":{"line":96,"column":null}},"24":{"start":{"line":95,"column":4},"end":{"line":95,"column":null}},"25":{"start":{"line":99,"column":2},"end":{"line":108,"column":null}},"26":{"start":{"line":107,"column":4},"end":{"line":107,"column":null}},"27":{"start":{"line":111,"column":2},"end":{"line":117,"column":null}},"28":{"start":{"line":116,"column":4},"end":{"line":116,"column":null}},"29":{"start":{"line":120,"column":2},"end":{"line":125,"column":null}},"30":{"start":{"line":124,"column":4},"end":{"line":124,"column":null}},"31":{"start":{"line":127,"column":2},"end":{"line":127,"column":null}},"32":{"start":{"line":138,"column":2},"end":{"line":151,"column":null}},"33":{"start":{"line":144,"column":22},"end":{"line":144,"column":null}},"34":{"start":{"line":145,"column":6},"end":{"line":145,"column":null}},"35":{"start":{"line":146,"column":6},"end":{"line":146,"column":null}},"36":{"start":{"line":147,"column":6},"end":{"line":149,"column":null}},"37":{"start":{"line":148,"column":8},"end":{"line":148,"column":null}}},"fnMap":{"0":{"name":"calculateRetryDelay","decl":{"start":{"line":26,"column":16},"end":{"line":26,"column":36}},"loc":{"start":{"line":26,"column":84},"end":{"line":30,"column":null}}},"1":{"name":"delay","decl":{"start":{"line":35,"column":22},"end":{"line":35,"column":28}},"loc":{"start":{"line":35,"column":55},"end":{"line":37,"column":null}}},"2":{"name":"(anonymous_2)","decl":{"start":{"line":36,"column":21},"end":{"line":36,"column":22}},"loc":{"start":{"line":36,"column":34},"end":{"line":36,"column":57}}},"3":{"name":"retryAsync","decl":{"start":{"line":42,"column":22},"end":{"line":42,"column":null}},"loc":{"start":{"line":45,"column":14},"end":{"line":77,"column":null}}},"4":{"name":"isTransientError","decl":{"start":{"line":82,"column":16},"end":{"line":82,"column":33}},"loc":{"start":{"line":82,"column":58},"end":{"line":128,"column":null}}},"5":{"name":"retryLighthouseOperation","decl":{"start":{"line":133,"column":22},"end":{"line":133,"column":null}},"loc":{"start":{"line":137,"column":14},"end":{"line":152,"column":null}}},"6":{"name":"(anonymous_6)","decl":{"start":{"line":143,"column":13},"end":{"line":143,"column":14}},"loc":{"start":{"line":143,"column":33},"end":{"line":150,"column":null}}}},"branchMap":{"0":{"loc":{"start":{"line":44,"column":2},"end":{"line":44,"column":null}},"type":"default-arg","locations":[{"start":{"line":44,"column":35},"end":{"line":44,"column":null}}]},"1":{"loc":{"start":{"line":56,"column":6},"end":{"line":58,"column":null}},"type":"if","locations":[{"start":{"line":56,"column":6},"end":{"line":58,"column":null}},{"start":{},"end":{}}]},"2":{"loc":{"start":{"line":56,"column":10},"end":{"line":56,"column":56}},"type":"binary-expr","locations":[{"start":{"line":56,"column":10},"end":{"line":56,"column":30}},{"start":{"line":56,"column":30},"end":{"line":56,"column":56}}]},"3":{"loc":{"start":{"line":61,"column":6},"end":{"line":63,"column":null}},"type":"if","locations":[{"start":{"line":61,"column":6},"end":{"line":63,"column":null}},{"start":{},"end":{}}]},"4":{"loc":{"start":{"line":66,"column":6},"end":{"line":68,"column":null}},"type":"if","locations":[{"start":{"line":66,"column":6},"end":{"line":68,"column":null}},{"start":{},"end":{}}]},"5":{"loc":{"start":{"line":83,"column":18},"end":{"line":83,"column":null}},"type":"cond-expr","locations":[{"start":{"line":83,"column":43},"end":{"line":83,"column":59}},{"start":{"line":83,"column":59},"end":{"line":83,"column":null}}]},"6":{"loc":{"start":{"line":87,"column":2},"end":{"line":96,"column":null}},"type":"if","locations":[{"start":{"line":87,"column":2},"end":{"line":96,"column":null}},{"start":{},"end":{}}]},"7":{"loc":{"start":{"line":88,"column":4},"end":{"line":93,"column":null}},"type":"binary-expr","locations":[{"start":{"line":88,"column":4},"end":{"line":88,"column":null}},{"start":{"line":89,"column":4},"end":{"line":89,"column":null}},{"start":{"line":90,"column":4},"end":{"line":90,"column":null}},{"start":{"line":91,"column":4},"end":{"line":91,"column":null}},{"start":{"line":92,"column":4},"end":{"line":92,"column":null}},{"start":{"line":93,"column":4},"end":{"line":93,"column":null}}]},"8":{"loc":{"start":{"line":99,"column":2},"end":{"line":108,"column":null}},"type":"if","locations":[{"start":{"line":99,"column":2},"end":{"line":108,"column":null}},{"start":{},"end":{}}]},"9":{"loc":{"start":{"line":100,"column":4},"end":{"line":105,"column":null}},"type":"binary-expr","locations":[{"start":{"line":100,"column":4},"end":{"line":100,"column":null}},{"start":{"line":101,"column":4},"end":{"line":101,"column":null}},{"start":{"line":102,"column":4},"end":{"line":102,"column":null}},{"start":{"line":103,"column":4},"end":{"line":103,"column":null}},{"start":{"line":104,"column":4},"end":{"line":104,"column":null}},{"start":{"line":105,"column":4},"end":{"line":105,"column":null}}]},"10":{"loc":{"start":{"line":111,"column":2},"end":{"line":117,"column":null}},"type":"if","locations":[{"start":{"line":111,"column":2},"end":{"line":117,"column":null}},{"start":{},"end":{}}]},"11":{"loc":{"start":{"line":112,"column":4},"end":{"line":114,"column":null}},"type":"binary-expr","locations":[{"start":{"line":112,"column":4},"end":{"line":112,"column":null}},{"start":{"line":113,"column":4},"end":{"line":113,"column":null}},{"start":{"line":114,"column":4},"end":{"line":114,"column":null}}]},"12":{"loc":{"start":{"line":120,"column":2},"end":{"line":125,"column":null}},"type":"if","locations":[{"start":{"line":120,"column":2},"end":{"line":125,"column":null}},{"start":{},"end":{}}]},"13":{"loc":{"start":{"line":121,"column":4},"end":{"line":122,"column":null}},"type":"binary-expr","locations":[{"start":{"line":121,"column":4},"end":{"line":121,"column":null}},{"start":{"line":122,"column":4},"end":{"line":122,"column":null}}]},"14":{"loc":{"start":{"line":144,"column":22},"end":{"line":144,"column":null}},"type":"cond-expr","locations":[{"start":{"line":144,"column":47},"end":{"line":144,"column":63}},{"start":{"line":144,"column":63},"end":{"line":144,"column":null}}]},"15":{"loc":{"start":{"line":147,"column":6},"end":{"line":149,"column":null}},"type":"if","locations":[{"start":{"line":147,"column":6},"end":{"line":149,"column":null}},{"start":{},"end":{}}]}},"s":{"0":1,"1":1,"2":1,"3":1,"4":1,"5":1,"6":1,"7":1,"8":1,"9":1,"10":1,"11":1,"12":1,"13":0,"14":1,"15":0,"16":1,"17":1,"18":1,"19":1,"20":0,"21":45,"22":45,"23":45,"24":0,"25":45,"26":0,"27":45,"28":0,"29":45,"30":3,"31":42,"32":0,"33":0,"34":0,"35":0,"36":0,"37":0},"f":{"0":1,"1":1,"2":1,"3":1,"4":45,"5":0,"6":0},"b":{"0":[0],"1":[0,1],"2":[1,1],"3":[0,1],"4":[1,0],"5":[45,0],"6":[0,45],"7":[45,45,45,45,45,45],"8":[0,45],"9":[45,45,45,45,45,45],"10":[0,45],"11":[45,45,45],"12":[3,42],"13":[45,42],"14":[0,0],"15":[0,0]}}
}
